ARM GAS  C:\Users\Bgs\AppData\Local\Temp\cc4PIreE.s 			page 1


   1              		.cpu cortex-m4
   2              		.arch armv7e-m
   3              		.fpu fpv4-sp-d16
   4              		.eabi_attribute 27, 1
   5              		.eabi_attribute 28, 1
   6              		.eabi_attribute 20, 1
   7              		.eabi_attribute 21, 1
   8              		.eabi_attribute 23, 3
   9              		.eabi_attribute 24, 1
  10              		.eabi_attribute 25, 1
  11              		.eabi_attribute 26, 1
  12              		.eabi_attribute 30, 1
  13              		.eabi_attribute 34, 1
  14              		.eabi_attribute 18, 4
  15              		.file	"adc.c"
  16              		.text
  17              	.Ltext0:
  18              		.cfi_sections	.debug_frame
  19              		.file 1 "Core/Src/adc.c"
  20              		.section	.text.MX_ADC1_Init,"ax",%progbits
  21              		.align	1
  22              		.global	MX_ADC1_Init
  23              		.syntax unified
  24              		.thumb
  25              		.thumb_func
  27              	MX_ADC1_Init:
  28              	.LFB216:
   1:Core/Src/adc.c **** /* USER CODE BEGIN Header */
   2:Core/Src/adc.c **** /**
   3:Core/Src/adc.c ****   ******************************************************************************
   4:Core/Src/adc.c ****   * @file    adc.c
   5:Core/Src/adc.c ****   * @brief   This file provides code for the configuration
   6:Core/Src/adc.c ****   *          of the ADC instances.
   7:Core/Src/adc.c ****   ******************************************************************************
   8:Core/Src/adc.c ****   * @attention
   9:Core/Src/adc.c ****   *
  10:Core/Src/adc.c ****   * Copyright (c) 2023 STMicroelectronics.
  11:Core/Src/adc.c ****   * All rights reserved.
  12:Core/Src/adc.c ****   *
  13:Core/Src/adc.c ****   * This software is licensed under terms that can be found in the LICENSE file
  14:Core/Src/adc.c ****   * in the root directory of this software component.
  15:Core/Src/adc.c ****   * If no LICENSE file comes with this software, it is provided AS-IS.
  16:Core/Src/adc.c ****   *
  17:Core/Src/adc.c ****   ******************************************************************************
  18:Core/Src/adc.c ****   */
  19:Core/Src/adc.c **** /* USER CODE END Header */
  20:Core/Src/adc.c **** /* Includes ------------------------------------------------------------------*/
  21:Core/Src/adc.c **** #include "adc.h"
  22:Core/Src/adc.c **** 
  23:Core/Src/adc.c **** /* USER CODE BEGIN 0 */
  24:Core/Src/adc.c **** 
  25:Core/Src/adc.c **** /* USER CODE END 0 */
  26:Core/Src/adc.c **** 
  27:Core/Src/adc.c **** ADC_HandleTypeDef hadc1;
  28:Core/Src/adc.c **** 
  29:Core/Src/adc.c **** /* ADC1 init function */
  30:Core/Src/adc.c **** void MX_ADC1_Init(void)
ARM GAS  C:\Users\Bgs\AppData\Local\Temp\cc4PIreE.s 			page 2


  31:Core/Src/adc.c **** {
  29              		.loc 1 31 1 view -0
  30              		.cfi_startproc
  31              		@ args = 0, pretend = 0, frame = 16
  32              		@ frame_needed = 0, uses_anonymous_args = 0
  33 0000 00B5     		push	{lr}
  34              	.LCFI0:
  35              		.cfi_def_cfa_offset 4
  36              		.cfi_offset 14, -4
  37 0002 85B0     		sub	sp, sp, #20
  38              	.LCFI1:
  39              		.cfi_def_cfa_offset 24
  32:Core/Src/adc.c **** 
  33:Core/Src/adc.c ****   /* USER CODE BEGIN ADC1_Init 0 */
  34:Core/Src/adc.c **** 
  35:Core/Src/adc.c ****   /* USER CODE END ADC1_Init 0 */
  36:Core/Src/adc.c **** 
  37:Core/Src/adc.c ****   ADC_ChannelConfTypeDef sConfig = {0};
  40              		.loc 1 37 3 view .LVU1
  41              		.loc 1 37 26 is_stmt 0 view .LVU2
  42 0004 0023     		movs	r3, #0
  43 0006 0093     		str	r3, [sp]
  44 0008 0193     		str	r3, [sp, #4]
  45 000a 0293     		str	r3, [sp, #8]
  46 000c 0393     		str	r3, [sp, #12]
  38:Core/Src/adc.c **** 
  39:Core/Src/adc.c ****   /* USER CODE BEGIN ADC1_Init 1 */
  40:Core/Src/adc.c **** 
  41:Core/Src/adc.c ****   /* USER CODE END ADC1_Init 1 */
  42:Core/Src/adc.c **** 
  43:Core/Src/adc.c ****   /** Configure the global features of the ADC (Clock, Resolution, Data Alignment and number of con
  44:Core/Src/adc.c ****   */
  45:Core/Src/adc.c ****   hadc1.Instance = ADC1;
  47              		.loc 1 45 3 is_stmt 1 view .LVU3
  48              		.loc 1 45 18 is_stmt 0 view .LVU4
  49 000e 6A48     		ldr	r0, .L33
  50 0010 6A4A     		ldr	r2, .L33+4
  51 0012 0260     		str	r2, [r0]
  46:Core/Src/adc.c ****   hadc1.Init.ClockPrescaler = ADC_CLOCK_SYNC_PCLK_DIV2;
  52              		.loc 1 46 3 is_stmt 1 view .LVU5
  53              		.loc 1 46 29 is_stmt 0 view .LVU6
  54 0014 4360     		str	r3, [r0, #4]
  47:Core/Src/adc.c ****   hadc1.Init.Resolution = ADC_RESOLUTION_12B;
  55              		.loc 1 47 3 is_stmt 1 view .LVU7
  56              		.loc 1 47 25 is_stmt 0 view .LVU8
  57 0016 8360     		str	r3, [r0, #8]
  48:Core/Src/adc.c ****   hadc1.Init.ScanConvMode = ENABLE;
  58              		.loc 1 48 3 is_stmt 1 view .LVU9
  59              		.loc 1 48 27 is_stmt 0 view .LVU10
  60 0018 0122     		movs	r2, #1
  61 001a 0261     		str	r2, [r0, #16]
  49:Core/Src/adc.c ****   hadc1.Init.ContinuousConvMode = DISABLE;
  62              		.loc 1 49 3 is_stmt 1 view .LVU11
  63              		.loc 1 49 33 is_stmt 0 view .LVU12
  64 001c 0376     		strb	r3, [r0, #24]
  50:Core/Src/adc.c ****   hadc1.Init.DiscontinuousConvMode = DISABLE;
  65              		.loc 1 50 3 is_stmt 1 view .LVU13
ARM GAS  C:\Users\Bgs\AppData\Local\Temp\cc4PIreE.s 			page 3


  66              		.loc 1 50 36 is_stmt 0 view .LVU14
  67 001e 80F82030 		strb	r3, [r0, #32]
  51:Core/Src/adc.c ****   hadc1.Init.ExternalTrigConvEdge = ADC_EXTERNALTRIGCONVEDGE_NONE;
  68              		.loc 1 51 3 is_stmt 1 view .LVU15
  69              		.loc 1 51 35 is_stmt 0 view .LVU16
  70 0022 C362     		str	r3, [r0, #44]
  52:Core/Src/adc.c ****   hadc1.Init.ExternalTrigConv = ADC_SOFTWARE_START;
  71              		.loc 1 52 3 is_stmt 1 view .LVU17
  72              		.loc 1 52 31 is_stmt 0 view .LVU18
  73 0024 6649     		ldr	r1, .L33+8
  74 0026 8162     		str	r1, [r0, #40]
  53:Core/Src/adc.c ****   hadc1.Init.DataAlign = ADC_DATAALIGN_RIGHT;
  75              		.loc 1 53 3 is_stmt 1 view .LVU19
  76              		.loc 1 53 24 is_stmt 0 view .LVU20
  77 0028 C360     		str	r3, [r0, #12]
  54:Core/Src/adc.c ****   hadc1.Init.NbrOfConversion = 14;
  78              		.loc 1 54 3 is_stmt 1 view .LVU21
  79              		.loc 1 54 30 is_stmt 0 view .LVU22
  80 002a 0E21     		movs	r1, #14
  81 002c C161     		str	r1, [r0, #28]
  55:Core/Src/adc.c ****   hadc1.Init.DMAContinuousRequests = DISABLE;
  82              		.loc 1 55 3 is_stmt 1 view .LVU23
  83              		.loc 1 55 36 is_stmt 0 view .LVU24
  84 002e 80F83030 		strb	r3, [r0, #48]
  56:Core/Src/adc.c ****   hadc1.Init.EOCSelection = ADC_EOC_SINGLE_CONV;
  85              		.loc 1 56 3 is_stmt 1 view .LVU25
  86              		.loc 1 56 27 is_stmt 0 view .LVU26
  87 0032 4261     		str	r2, [r0, #20]
  57:Core/Src/adc.c ****   if (HAL_ADC_Init(&hadc1) != HAL_OK)
  88              		.loc 1 57 3 is_stmt 1 view .LVU27
  89              		.loc 1 57 7 is_stmt 0 view .LVU28
  90 0034 FFF7FEFF 		bl	HAL_ADC_Init
  91              	.LVL0:
  92              		.loc 1 57 6 view .LVU29
  93 0038 0028     		cmp	r0, #0
  94 003a 40F08F80 		bne	.L18
  95              	.L2:
  58:Core/Src/adc.c ****   {
  59:Core/Src/adc.c ****     Error_Handler();
  60:Core/Src/adc.c ****   }
  61:Core/Src/adc.c **** 
  62:Core/Src/adc.c ****   /** Configure for the selected ADC regular channel its corresponding rank in the sequencer and it
  63:Core/Src/adc.c ****   */
  64:Core/Src/adc.c ****   sConfig.Channel = ADC_CHANNEL_0;
  96              		.loc 1 64 3 is_stmt 1 view .LVU30
  97              		.loc 1 64 19 is_stmt 0 view .LVU31
  98 003e 0023     		movs	r3, #0
  99 0040 0093     		str	r3, [sp]
  65:Core/Src/adc.c ****   sConfig.Rank = 1;
 100              		.loc 1 65 3 is_stmt 1 view .LVU32
 101              		.loc 1 65 16 is_stmt 0 view .LVU33
 102 0042 0123     		movs	r3, #1
 103 0044 0193     		str	r3, [sp, #4]
  66:Core/Src/adc.c ****   sConfig.SamplingTime = ADC_SAMPLETIME_112CYCLES;
 104              		.loc 1 66 3 is_stmt 1 view .LVU34
 105              		.loc 1 66 24 is_stmt 0 view .LVU35
 106 0046 0523     		movs	r3, #5
ARM GAS  C:\Users\Bgs\AppData\Local\Temp\cc4PIreE.s 			page 4


 107 0048 0293     		str	r3, [sp, #8]
  67:Core/Src/adc.c ****   if (HAL_ADC_ConfigChannel(&hadc1, &sConfig) != HAL_OK)
 108              		.loc 1 67 3 is_stmt 1 view .LVU36
 109              		.loc 1 67 7 is_stmt 0 view .LVU37
 110 004a 6946     		mov	r1, sp
 111 004c 5A48     		ldr	r0, .L33
 112 004e FFF7FEFF 		bl	HAL_ADC_ConfigChannel
 113              	.LVL1:
 114              		.loc 1 67 6 view .LVU38
 115 0052 0028     		cmp	r0, #0
 116 0054 40F08580 		bne	.L19
 117              	.L3:
  68:Core/Src/adc.c ****   {
  69:Core/Src/adc.c ****     Error_Handler();
  70:Core/Src/adc.c ****   }
  71:Core/Src/adc.c **** 
  72:Core/Src/adc.c ****   /** Configure for the selected ADC regular channel its corresponding rank in the sequencer and it
  73:Core/Src/adc.c ****   */
  74:Core/Src/adc.c ****   sConfig.Channel = ADC_CHANNEL_1;
 118              		.loc 1 74 3 is_stmt 1 view .LVU39
 119              		.loc 1 74 19 is_stmt 0 view .LVU40
 120 0058 0123     		movs	r3, #1
 121 005a 0093     		str	r3, [sp]
  75:Core/Src/adc.c ****   sConfig.Rank = 2;
 122              		.loc 1 75 3 is_stmt 1 view .LVU41
 123              		.loc 1 75 16 is_stmt 0 view .LVU42
 124 005c 0223     		movs	r3, #2
 125 005e 0193     		str	r3, [sp, #4]
  76:Core/Src/adc.c ****   if (HAL_ADC_ConfigChannel(&hadc1, &sConfig) != HAL_OK)
 126              		.loc 1 76 3 is_stmt 1 view .LVU43
 127              		.loc 1 76 7 is_stmt 0 view .LVU44
 128 0060 6946     		mov	r1, sp
 129 0062 5548     		ldr	r0, .L33
 130 0064 FFF7FEFF 		bl	HAL_ADC_ConfigChannel
 131              	.LVL2:
 132              		.loc 1 76 6 view .LVU45
 133 0068 0028     		cmp	r0, #0
 134 006a 7DD1     		bne	.L20
 135              	.L4:
  77:Core/Src/adc.c ****   {
  78:Core/Src/adc.c ****     Error_Handler();
  79:Core/Src/adc.c ****   }
  80:Core/Src/adc.c **** 
  81:Core/Src/adc.c ****   /** Configure for the selected ADC regular channel its corresponding rank in the sequencer and it
  82:Core/Src/adc.c ****   */
  83:Core/Src/adc.c ****   sConfig.Channel = ADC_CHANNEL_2;
 136              		.loc 1 83 3 is_stmt 1 view .LVU46
 137              		.loc 1 83 19 is_stmt 0 view .LVU47
 138 006c 0223     		movs	r3, #2
 139 006e 0093     		str	r3, [sp]
  84:Core/Src/adc.c ****   sConfig.Rank = 3;
 140              		.loc 1 84 3 is_stmt 1 view .LVU48
 141              		.loc 1 84 16 is_stmt 0 view .LVU49
 142 0070 0323     		movs	r3, #3
 143 0072 0193     		str	r3, [sp, #4]
  85:Core/Src/adc.c ****   if (HAL_ADC_ConfigChannel(&hadc1, &sConfig) != HAL_OK)
 144              		.loc 1 85 3 is_stmt 1 view .LVU50
ARM GAS  C:\Users\Bgs\AppData\Local\Temp\cc4PIreE.s 			page 5


 145              		.loc 1 85 7 is_stmt 0 view .LVU51
 146 0074 6946     		mov	r1, sp
 147 0076 5048     		ldr	r0, .L33
 148 0078 FFF7FEFF 		bl	HAL_ADC_ConfigChannel
 149              	.LVL3:
 150              		.loc 1 85 6 view .LVU52
 151 007c 0028     		cmp	r0, #0
 152 007e 76D1     		bne	.L21
 153              	.L5:
  86:Core/Src/adc.c ****   {
  87:Core/Src/adc.c ****     Error_Handler();
  88:Core/Src/adc.c ****   }
  89:Core/Src/adc.c **** 
  90:Core/Src/adc.c ****   /** Configure for the selected ADC regular channel its corresponding rank in the sequencer and it
  91:Core/Src/adc.c ****   */
  92:Core/Src/adc.c ****   sConfig.Channel = ADC_CHANNEL_3;
 154              		.loc 1 92 3 is_stmt 1 view .LVU53
 155              		.loc 1 92 19 is_stmt 0 view .LVU54
 156 0080 0323     		movs	r3, #3
 157 0082 0093     		str	r3, [sp]
  93:Core/Src/adc.c ****   sConfig.Rank = 4;
 158              		.loc 1 93 3 is_stmt 1 view .LVU55
 159              		.loc 1 93 16 is_stmt 0 view .LVU56
 160 0084 0423     		movs	r3, #4
 161 0086 0193     		str	r3, [sp, #4]
  94:Core/Src/adc.c ****   if (HAL_ADC_ConfigChannel(&hadc1, &sConfig) != HAL_OK)
 162              		.loc 1 94 3 is_stmt 1 view .LVU57
 163              		.loc 1 94 7 is_stmt 0 view .LVU58
 164 0088 6946     		mov	r1, sp
 165 008a 4B48     		ldr	r0, .L33
 166 008c FFF7FEFF 		bl	HAL_ADC_ConfigChannel
 167              	.LVL4:
 168              		.loc 1 94 6 view .LVU59
 169 0090 0028     		cmp	r0, #0
 170 0092 6FD1     		bne	.L22
 171              	.L6:
  95:Core/Src/adc.c ****   {
  96:Core/Src/adc.c ****     Error_Handler();
  97:Core/Src/adc.c ****   }
  98:Core/Src/adc.c **** 
  99:Core/Src/adc.c ****   /** Configure for the selected ADC regular channel its corresponding rank in the sequencer and it
 100:Core/Src/adc.c ****   */
 101:Core/Src/adc.c ****   sConfig.Channel = ADC_CHANNEL_4;
 172              		.loc 1 101 3 is_stmt 1 view .LVU60
 173              		.loc 1 101 19 is_stmt 0 view .LVU61
 174 0094 0423     		movs	r3, #4
 175 0096 0093     		str	r3, [sp]
 102:Core/Src/adc.c ****   sConfig.Rank = 5;
 176              		.loc 1 102 3 is_stmt 1 view .LVU62
 177              		.loc 1 102 16 is_stmt 0 view .LVU63
 178 0098 0523     		movs	r3, #5
 179 009a 0193     		str	r3, [sp, #4]
 103:Core/Src/adc.c ****   if (HAL_ADC_ConfigChannel(&hadc1, &sConfig) != HAL_OK)
 180              		.loc 1 103 3 is_stmt 1 view .LVU64
 181              		.loc 1 103 7 is_stmt 0 view .LVU65
 182 009c 6946     		mov	r1, sp
 183 009e 4648     		ldr	r0, .L33
ARM GAS  C:\Users\Bgs\AppData\Local\Temp\cc4PIreE.s 			page 6


 184 00a0 FFF7FEFF 		bl	HAL_ADC_ConfigChannel
 185              	.LVL5:
 186              		.loc 1 103 6 view .LVU66
 187 00a4 0028     		cmp	r0, #0
 188 00a6 68D1     		bne	.L23
 189              	.L7:
 104:Core/Src/adc.c ****   {
 105:Core/Src/adc.c ****     Error_Handler();
 106:Core/Src/adc.c ****   }
 107:Core/Src/adc.c **** 
 108:Core/Src/adc.c ****   /** Configure for the selected ADC regular channel its corresponding rank in the sequencer and it
 109:Core/Src/adc.c ****   */
 110:Core/Src/adc.c ****   sConfig.Channel = ADC_CHANNEL_5;
 190              		.loc 1 110 3 is_stmt 1 view .LVU67
 191              		.loc 1 110 19 is_stmt 0 view .LVU68
 192 00a8 0523     		movs	r3, #5
 193 00aa 0093     		str	r3, [sp]
 111:Core/Src/adc.c ****   sConfig.Rank = 6;
 194              		.loc 1 111 3 is_stmt 1 view .LVU69
 195              		.loc 1 111 16 is_stmt 0 view .LVU70
 196 00ac 0623     		movs	r3, #6
 197 00ae 0193     		str	r3, [sp, #4]
 112:Core/Src/adc.c ****   if (HAL_ADC_ConfigChannel(&hadc1, &sConfig) != HAL_OK)
 198              		.loc 1 112 3 is_stmt 1 view .LVU71
 199              		.loc 1 112 7 is_stmt 0 view .LVU72
 200 00b0 6946     		mov	r1, sp
 201 00b2 4148     		ldr	r0, .L33
 202 00b4 FFF7FEFF 		bl	HAL_ADC_ConfigChannel
 203              	.LVL6:
 204              		.loc 1 112 6 view .LVU73
 205 00b8 0028     		cmp	r0, #0
 206 00ba 61D1     		bne	.L24
 207              	.L8:
 113:Core/Src/adc.c ****   {
 114:Core/Src/adc.c ****     Error_Handler();
 115:Core/Src/adc.c ****   }
 116:Core/Src/adc.c **** 
 117:Core/Src/adc.c ****   /** Configure for the selected ADC regular channel its corresponding rank in the sequencer and it
 118:Core/Src/adc.c ****   */
 119:Core/Src/adc.c ****   sConfig.Channel = ADC_CHANNEL_6;
 208              		.loc 1 119 3 is_stmt 1 view .LVU74
 209              		.loc 1 119 19 is_stmt 0 view .LVU75
 210 00bc 0623     		movs	r3, #6
 211 00be 0093     		str	r3, [sp]
 120:Core/Src/adc.c ****   sConfig.Rank = 7;
 212              		.loc 1 120 3 is_stmt 1 view .LVU76
 213              		.loc 1 120 16 is_stmt 0 view .LVU77
 214 00c0 0723     		movs	r3, #7
 215 00c2 0193     		str	r3, [sp, #4]
 121:Core/Src/adc.c ****   if (HAL_ADC_ConfigChannel(&hadc1, &sConfig) != HAL_OK)
 216              		.loc 1 121 3 is_stmt 1 view .LVU78
 217              		.loc 1 121 7 is_stmt 0 view .LVU79
 218 00c4 6946     		mov	r1, sp
 219 00c6 3C48     		ldr	r0, .L33
 220 00c8 FFF7FEFF 		bl	HAL_ADC_ConfigChannel
 221              	.LVL7:
 222              		.loc 1 121 6 view .LVU80
ARM GAS  C:\Users\Bgs\AppData\Local\Temp\cc4PIreE.s 			page 7


 223 00cc 0028     		cmp	r0, #0
 224 00ce 5AD1     		bne	.L25
 225              	.L9:
 122:Core/Src/adc.c ****   {
 123:Core/Src/adc.c ****     Error_Handler();
 124:Core/Src/adc.c ****   }
 125:Core/Src/adc.c **** 
 126:Core/Src/adc.c ****   /** Configure for the selected ADC regular channel its corresponding rank in the sequencer and it
 127:Core/Src/adc.c ****   */
 128:Core/Src/adc.c ****   sConfig.Channel = ADC_CHANNEL_7;
 226              		.loc 1 128 3 is_stmt 1 view .LVU81
 227              		.loc 1 128 19 is_stmt 0 view .LVU82
 228 00d0 0723     		movs	r3, #7
 229 00d2 0093     		str	r3, [sp]
 129:Core/Src/adc.c ****   sConfig.Rank = 8;
 230              		.loc 1 129 3 is_stmt 1 view .LVU83
 231              		.loc 1 129 16 is_stmt 0 view .LVU84
 232 00d4 0823     		movs	r3, #8
 233 00d6 0193     		str	r3, [sp, #4]
 130:Core/Src/adc.c ****   if (HAL_ADC_ConfigChannel(&hadc1, &sConfig) != HAL_OK)
 234              		.loc 1 130 3 is_stmt 1 view .LVU85
 235              		.loc 1 130 7 is_stmt 0 view .LVU86
 236 00d8 6946     		mov	r1, sp
 237 00da 3748     		ldr	r0, .L33
 238 00dc FFF7FEFF 		bl	HAL_ADC_ConfigChannel
 239              	.LVL8:
 240              		.loc 1 130 6 view .LVU87
 241 00e0 0028     		cmp	r0, #0
 242 00e2 53D1     		bne	.L26
 243              	.L10:
 131:Core/Src/adc.c ****   {
 132:Core/Src/adc.c ****     Error_Handler();
 133:Core/Src/adc.c ****   }
 134:Core/Src/adc.c **** 
 135:Core/Src/adc.c ****   /** Configure for the selected ADC regular channel its corresponding rank in the sequencer and it
 136:Core/Src/adc.c ****   */
 137:Core/Src/adc.c ****   sConfig.Channel = ADC_CHANNEL_8;
 244              		.loc 1 137 3 is_stmt 1 view .LVU88
 245              		.loc 1 137 19 is_stmt 0 view .LVU89
 246 00e4 0823     		movs	r3, #8
 247 00e6 0093     		str	r3, [sp]
 138:Core/Src/adc.c ****   sConfig.Rank = 9;
 248              		.loc 1 138 3 is_stmt 1 view .LVU90
 249              		.loc 1 138 16 is_stmt 0 view .LVU91
 250 00e8 0923     		movs	r3, #9
 251 00ea 0193     		str	r3, [sp, #4]
 139:Core/Src/adc.c ****   if (HAL_ADC_ConfigChannel(&hadc1, &sConfig) != HAL_OK)
 252              		.loc 1 139 3 is_stmt 1 view .LVU92
 253              		.loc 1 139 7 is_stmt 0 view .LVU93
 254 00ec 6946     		mov	r1, sp
 255 00ee 3248     		ldr	r0, .L33
 256 00f0 FFF7FEFF 		bl	HAL_ADC_ConfigChannel
 257              	.LVL9:
 258              		.loc 1 139 6 view .LVU94
 259 00f4 0028     		cmp	r0, #0
 260 00f6 4CD1     		bne	.L27
 261              	.L11:
ARM GAS  C:\Users\Bgs\AppData\Local\Temp\cc4PIreE.s 			page 8


 140:Core/Src/adc.c ****   {
 141:Core/Src/adc.c ****     Error_Handler();
 142:Core/Src/adc.c ****   }
 143:Core/Src/adc.c **** 
 144:Core/Src/adc.c ****   /** Configure for the selected ADC regular channel its corresponding rank in the sequencer and it
 145:Core/Src/adc.c ****   */
 146:Core/Src/adc.c ****   sConfig.Channel = ADC_CHANNEL_9;
 262              		.loc 1 146 3 is_stmt 1 view .LVU95
 263              		.loc 1 146 19 is_stmt 0 view .LVU96
 264 00f8 0923     		movs	r3, #9
 265 00fa 0093     		str	r3, [sp]
 147:Core/Src/adc.c ****   sConfig.Rank = 10;
 266              		.loc 1 147 3 is_stmt 1 view .LVU97
 267              		.loc 1 147 16 is_stmt 0 view .LVU98
 268 00fc 0A23     		movs	r3, #10
 269 00fe 0193     		str	r3, [sp, #4]
 148:Core/Src/adc.c ****   if (HAL_ADC_ConfigChannel(&hadc1, &sConfig) != HAL_OK)
 270              		.loc 1 148 3 is_stmt 1 view .LVU99
 271              		.loc 1 148 7 is_stmt 0 view .LVU100
 272 0100 6946     		mov	r1, sp
 273 0102 2D48     		ldr	r0, .L33
 274 0104 FFF7FEFF 		bl	HAL_ADC_ConfigChannel
 275              	.LVL10:
 276              		.loc 1 148 6 view .LVU101
 277 0108 0028     		cmp	r0, #0
 278 010a 45D1     		bne	.L28
 279              	.L12:
 149:Core/Src/adc.c ****   {
 150:Core/Src/adc.c ****     Error_Handler();
 151:Core/Src/adc.c ****   }
 152:Core/Src/adc.c **** 
 153:Core/Src/adc.c ****   /** Configure for the selected ADC regular channel its corresponding rank in the sequencer and it
 154:Core/Src/adc.c ****   */
 155:Core/Src/adc.c ****   sConfig.Channel = ADC_CHANNEL_10;
 280              		.loc 1 155 3 is_stmt 1 view .LVU102
 281              		.loc 1 155 19 is_stmt 0 view .LVU103
 282 010c 0A23     		movs	r3, #10
 283 010e 0093     		str	r3, [sp]
 156:Core/Src/adc.c ****   sConfig.Rank = 11;
 284              		.loc 1 156 3 is_stmt 1 view .LVU104
 285              		.loc 1 156 16 is_stmt 0 view .LVU105
 286 0110 0B23     		movs	r3, #11
 287 0112 0193     		str	r3, [sp, #4]
 157:Core/Src/adc.c ****   if (HAL_ADC_ConfigChannel(&hadc1, &sConfig) != HAL_OK)
 288              		.loc 1 157 3 is_stmt 1 view .LVU106
 289              		.loc 1 157 7 is_stmt 0 view .LVU107
 290 0114 6946     		mov	r1, sp
 291 0116 2848     		ldr	r0, .L33
 292 0118 FFF7FEFF 		bl	HAL_ADC_ConfigChannel
 293              	.LVL11:
 294              		.loc 1 157 6 view .LVU108
 295 011c 0028     		cmp	r0, #0
 296 011e 3ED1     		bne	.L29
 297              	.L13:
 158:Core/Src/adc.c ****   {
 159:Core/Src/adc.c ****     Error_Handler();
 160:Core/Src/adc.c ****   }
ARM GAS  C:\Users\Bgs\AppData\Local\Temp\cc4PIreE.s 			page 9


 161:Core/Src/adc.c **** 
 162:Core/Src/adc.c ****   /** Configure for the selected ADC regular channel its corresponding rank in the sequencer and it
 163:Core/Src/adc.c ****   */
 164:Core/Src/adc.c ****   sConfig.Channel = ADC_CHANNEL_11;
 298              		.loc 1 164 3 is_stmt 1 view .LVU109
 299              		.loc 1 164 19 is_stmt 0 view .LVU110
 300 0120 0B23     		movs	r3, #11
 301 0122 0093     		str	r3, [sp]
 165:Core/Src/adc.c ****   sConfig.Rank = 12;
 302              		.loc 1 165 3 is_stmt 1 view .LVU111
 303              		.loc 1 165 16 is_stmt 0 view .LVU112
 304 0124 0C23     		movs	r3, #12
 305 0126 0193     		str	r3, [sp, #4]
 166:Core/Src/adc.c ****   if (HAL_ADC_ConfigChannel(&hadc1, &sConfig) != HAL_OK)
 306              		.loc 1 166 3 is_stmt 1 view .LVU113
 307              		.loc 1 166 7 is_stmt 0 view .LVU114
 308 0128 6946     		mov	r1, sp
 309 012a 2348     		ldr	r0, .L33
 310 012c FFF7FEFF 		bl	HAL_ADC_ConfigChannel
 311              	.LVL12:
 312              		.loc 1 166 6 view .LVU115
 313 0130 C0BB     		cbnz	r0, .L30
 314              	.L14:
 167:Core/Src/adc.c ****   {
 168:Core/Src/adc.c ****     Error_Handler();
 169:Core/Src/adc.c ****   }
 170:Core/Src/adc.c **** 
 171:Core/Src/adc.c ****   /** Configure for the selected ADC regular channel its corresponding rank in the sequencer and it
 172:Core/Src/adc.c ****   */
 173:Core/Src/adc.c ****   sConfig.Channel = ADC_CHANNEL_12;
 315              		.loc 1 173 3 is_stmt 1 view .LVU116
 316              		.loc 1 173 19 is_stmt 0 view .LVU117
 317 0132 0C23     		movs	r3, #12
 318 0134 0093     		str	r3, [sp]
 174:Core/Src/adc.c ****   sConfig.Rank = 13;
 319              		.loc 1 174 3 is_stmt 1 view .LVU118
 320              		.loc 1 174 16 is_stmt 0 view .LVU119
 321 0136 0D23     		movs	r3, #13
 322 0138 0193     		str	r3, [sp, #4]
 175:Core/Src/adc.c ****   if (HAL_ADC_ConfigChannel(&hadc1, &sConfig) != HAL_OK)
 323              		.loc 1 175 3 is_stmt 1 view .LVU120
 324              		.loc 1 175 7 is_stmt 0 view .LVU121
 325 013a 6946     		mov	r1, sp
 326 013c 1E48     		ldr	r0, .L33
 327 013e FFF7FEFF 		bl	HAL_ADC_ConfigChannel
 328              	.LVL13:
 329              		.loc 1 175 6 view .LVU122
 330 0142 90BB     		cbnz	r0, .L31
 331              	.L15:
 176:Core/Src/adc.c ****   {
 177:Core/Src/adc.c ****     Error_Handler();
 178:Core/Src/adc.c ****   }
 179:Core/Src/adc.c **** 
 180:Core/Src/adc.c ****   /** Configure for the selected ADC regular channel its corresponding rank in the sequencer and it
 181:Core/Src/adc.c ****   */
 182:Core/Src/adc.c ****   sConfig.Channel = ADC_CHANNEL_13;
 332              		.loc 1 182 3 is_stmt 1 view .LVU123
ARM GAS  C:\Users\Bgs\AppData\Local\Temp\cc4PIreE.s 			page 10


 333              		.loc 1 182 19 is_stmt 0 view .LVU124
 334 0144 0D23     		movs	r3, #13
 335 0146 0093     		str	r3, [sp]
 183:Core/Src/adc.c ****   sConfig.Rank = 14;
 336              		.loc 1 183 3 is_stmt 1 view .LVU125
 337              		.loc 1 183 16 is_stmt 0 view .LVU126
 338 0148 0E23     		movs	r3, #14
 339 014a 0193     		str	r3, [sp, #4]
 184:Core/Src/adc.c ****   if (HAL_ADC_ConfigChannel(&hadc1, &sConfig) != HAL_OK)
 340              		.loc 1 184 3 is_stmt 1 view .LVU127
 341              		.loc 1 184 7 is_stmt 0 view .LVU128
 342 014c 6946     		mov	r1, sp
 343 014e 1A48     		ldr	r0, .L33
 344 0150 FFF7FEFF 		bl	HAL_ADC_ConfigChannel
 345              	.LVL14:
 346              		.loc 1 184 6 view .LVU129
 347 0154 60BB     		cbnz	r0, .L32
 348              	.L1:
 185:Core/Src/adc.c ****   {
 186:Core/Src/adc.c ****     Error_Handler();
 187:Core/Src/adc.c ****   }
 188:Core/Src/adc.c ****   /* USER CODE BEGIN ADC1_Init 2 */
 189:Core/Src/adc.c **** 
 190:Core/Src/adc.c ****   /* USER CODE END ADC1_Init 2 */
 191:Core/Src/adc.c **** 
 192:Core/Src/adc.c **** }
 349              		.loc 1 192 1 view .LVU130
 350 0156 05B0     		add	sp, sp, #20
 351              	.LCFI2:
 352              		.cfi_remember_state
 353              		.cfi_def_cfa_offset 4
 354              		@ sp needed
 355 0158 5DF804FB 		ldr	pc, [sp], #4
 356              	.L18:
 357              	.LCFI3:
 358              		.cfi_restore_state
  59:Core/Src/adc.c ****   }
 359              		.loc 1 59 5 is_stmt 1 view .LVU131
 360 015c FFF7FEFF 		bl	Error_Handler
 361              	.LVL15:
 362 0160 6DE7     		b	.L2
 363              	.L19:
  69:Core/Src/adc.c ****   }
 364              		.loc 1 69 5 view .LVU132
 365 0162 FFF7FEFF 		bl	Error_Handler
 366              	.LVL16:
 367 0166 77E7     		b	.L3
 368              	.L20:
  78:Core/Src/adc.c ****   }
 369              		.loc 1 78 5 view .LVU133
 370 0168 FFF7FEFF 		bl	Error_Handler
 371              	.LVL17:
 372 016c 7EE7     		b	.L4
 373              	.L21:
  87:Core/Src/adc.c ****   }
 374              		.loc 1 87 5 view .LVU134
 375 016e FFF7FEFF 		bl	Error_Handler
ARM GAS  C:\Users\Bgs\AppData\Local\Temp\cc4PIreE.s 			page 11


 376              	.LVL18:
 377 0172 85E7     		b	.L5
 378              	.L22:
  96:Core/Src/adc.c ****   }
 379              		.loc 1 96 5 view .LVU135
 380 0174 FFF7FEFF 		bl	Error_Handler
 381              	.LVL19:
 382 0178 8CE7     		b	.L6
 383              	.L23:
 105:Core/Src/adc.c ****   }
 384              		.loc 1 105 5 view .LVU136
 385 017a FFF7FEFF 		bl	Error_Handler
 386              	.LVL20:
 387 017e 93E7     		b	.L7
 388              	.L24:
 114:Core/Src/adc.c ****   }
 389              		.loc 1 114 5 view .LVU137
 390 0180 FFF7FEFF 		bl	Error_Handler
 391              	.LVL21:
 392 0184 9AE7     		b	.L8
 393              	.L25:
 123:Core/Src/adc.c ****   }
 394              		.loc 1 123 5 view .LVU138
 395 0186 FFF7FEFF 		bl	Error_Handler
 396              	.LVL22:
 397 018a A1E7     		b	.L9
 398              	.L26:
 132:Core/Src/adc.c ****   }
 399              		.loc 1 132 5 view .LVU139
 400 018c FFF7FEFF 		bl	Error_Handler
 401              	.LVL23:
 402 0190 A8E7     		b	.L10
 403              	.L27:
 141:Core/Src/adc.c ****   }
 404              		.loc 1 141 5 view .LVU140
 405 0192 FFF7FEFF 		bl	Error_Handler
 406              	.LVL24:
 407 0196 AFE7     		b	.L11
 408              	.L28:
 150:Core/Src/adc.c ****   }
 409              		.loc 1 150 5 view .LVU141
 410 0198 FFF7FEFF 		bl	Error_Handler
 411              	.LVL25:
 412 019c B6E7     		b	.L12
 413              	.L29:
 159:Core/Src/adc.c ****   }
 414              		.loc 1 159 5 view .LVU142
 415 019e FFF7FEFF 		bl	Error_Handler
 416              	.LVL26:
 417 01a2 BDE7     		b	.L13
 418              	.L30:
 168:Core/Src/adc.c ****   }
 419              		.loc 1 168 5 view .LVU143
 420 01a4 FFF7FEFF 		bl	Error_Handler
 421              	.LVL27:
 422 01a8 C3E7     		b	.L14
 423              	.L31:
ARM GAS  C:\Users\Bgs\AppData\Local\Temp\cc4PIreE.s 			page 12


 177:Core/Src/adc.c ****   }
 424              		.loc 1 177 5 view .LVU144
 425 01aa FFF7FEFF 		bl	Error_Handler
 426              	.LVL28:
 427 01ae C9E7     		b	.L15
 428              	.L32:
 186:Core/Src/adc.c ****   }
 429              		.loc 1 186 5 view .LVU145
 430 01b0 FFF7FEFF 		bl	Error_Handler
 431              	.LVL29:
 432              		.loc 1 192 1 is_stmt 0 view .LVU146
 433 01b4 CFE7     		b	.L1
 434              	.L34:
 435 01b6 00BF     		.align	2
 436              	.L33:
 437 01b8 00000000 		.word	hadc1
 438 01bc 00200140 		.word	1073815552
 439 01c0 0100000F 		.word	251658241
 440              		.cfi_endproc
 441              	.LFE216:
 443              		.section	.text.HAL_ADC_MspInit,"ax",%progbits
 444              		.align	1
 445              		.global	HAL_ADC_MspInit
 446              		.syntax unified
 447              		.thumb
 448              		.thumb_func
 450              	HAL_ADC_MspInit:
 451              	.LVL30:
 452              	.LFB217:
 193:Core/Src/adc.c **** 
 194:Core/Src/adc.c **** void HAL_ADC_MspInit(ADC_HandleTypeDef* adcHandle)
 195:Core/Src/adc.c **** {
 453              		.loc 1 195 1 is_stmt 1 view -0
 454              		.cfi_startproc
 455              		@ args = 0, pretend = 0, frame = 40
 456              		@ frame_needed = 0, uses_anonymous_args = 0
 457              		.loc 1 195 1 is_stmt 0 view .LVU148
 458 0000 30B5     		push	{r4, r5, lr}
 459              	.LCFI4:
 460              		.cfi_def_cfa_offset 12
 461              		.cfi_offset 4, -12
 462              		.cfi_offset 5, -8
 463              		.cfi_offset 14, -4
 464 0002 8BB0     		sub	sp, sp, #44
 465              	.LCFI5:
 466              		.cfi_def_cfa_offset 56
 196:Core/Src/adc.c **** 
 197:Core/Src/adc.c ****   GPIO_InitTypeDef GPIO_InitStruct = {0};
 467              		.loc 1 197 3 is_stmt 1 view .LVU149
 468              		.loc 1 197 20 is_stmt 0 view .LVU150
 469 0004 0023     		movs	r3, #0
 470 0006 0593     		str	r3, [sp, #20]
 471 0008 0693     		str	r3, [sp, #24]
 472 000a 0793     		str	r3, [sp, #28]
 473 000c 0893     		str	r3, [sp, #32]
 474 000e 0993     		str	r3, [sp, #36]
 198:Core/Src/adc.c ****   if(adcHandle->Instance==ADC1)
ARM GAS  C:\Users\Bgs\AppData\Local\Temp\cc4PIreE.s 			page 13


 475              		.loc 1 198 3 is_stmt 1 view .LVU151
 476              		.loc 1 198 15 is_stmt 0 view .LVU152
 477 0010 0268     		ldr	r2, [r0]
 478              		.loc 1 198 5 view .LVU153
 479 0012 03F18043 		add	r3, r3, #1073741824
 480 0016 03F59033 		add	r3, r3, #73728
 481 001a 9A42     		cmp	r2, r3
 482 001c 01D0     		beq	.L38
 483              	.LVL31:
 484              	.L35:
 199:Core/Src/adc.c ****   {
 200:Core/Src/adc.c ****   /* USER CODE BEGIN ADC1_MspInit 0 */
 201:Core/Src/adc.c **** 
 202:Core/Src/adc.c ****   /* USER CODE END ADC1_MspInit 0 */
 203:Core/Src/adc.c ****     /* ADC1 clock enable */
 204:Core/Src/adc.c ****     __HAL_RCC_ADC1_CLK_ENABLE();
 205:Core/Src/adc.c **** 
 206:Core/Src/adc.c ****     __HAL_RCC_GPIOC_CLK_ENABLE();
 207:Core/Src/adc.c ****     __HAL_RCC_GPIOA_CLK_ENABLE();
 208:Core/Src/adc.c ****     __HAL_RCC_GPIOB_CLK_ENABLE();
 209:Core/Src/adc.c ****     /**ADC1 GPIO Configuration
 210:Core/Src/adc.c ****     PC0     ------> ADC1_IN10
 211:Core/Src/adc.c ****     PC1     ------> ADC1_IN11
 212:Core/Src/adc.c ****     PC2     ------> ADC1_IN12
 213:Core/Src/adc.c ****     PC3     ------> ADC1_IN13
 214:Core/Src/adc.c ****     PA0-WKUP     ------> ADC1_IN0
 215:Core/Src/adc.c ****     PA1     ------> ADC1_IN1
 216:Core/Src/adc.c ****     PA2     ------> ADC1_IN2
 217:Core/Src/adc.c ****     PA3     ------> ADC1_IN3
 218:Core/Src/adc.c ****     PA4     ------> ADC1_IN4
 219:Core/Src/adc.c ****     PA5     ------> ADC1_IN5
 220:Core/Src/adc.c ****     PA6     ------> ADC1_IN6
 221:Core/Src/adc.c ****     PA7     ------> ADC1_IN7
 222:Core/Src/adc.c ****     PB0     ------> ADC1_IN8
 223:Core/Src/adc.c ****     PB1     ------> ADC1_IN9
 224:Core/Src/adc.c ****     */
 225:Core/Src/adc.c ****     GPIO_InitStruct.Pin = GPIO_PIN_0|GPIO_PIN_1|GPIO_PIN_2|GPIO_PIN_3;
 226:Core/Src/adc.c ****     GPIO_InitStruct.Mode = GPIO_MODE_ANALOG;
 227:Core/Src/adc.c ****     GPIO_InitStruct.Pull = GPIO_NOPULL;
 228:Core/Src/adc.c ****     HAL_GPIO_Init(GPIOC, &GPIO_InitStruct);
 229:Core/Src/adc.c **** 
 230:Core/Src/adc.c ****     GPIO_InitStruct.Pin = GPIO_PIN_0|GPIO_PIN_1|GPIO_PIN_2|GPIO_PIN_3
 231:Core/Src/adc.c ****                           |GPIO_PIN_4|GPIO_PIN_5|GPIO_PIN_6|GPIO_PIN_7;
 232:Core/Src/adc.c ****     GPIO_InitStruct.Mode = GPIO_MODE_ANALOG;
 233:Core/Src/adc.c ****     GPIO_InitStruct.Pull = GPIO_NOPULL;
 234:Core/Src/adc.c ****     HAL_GPIO_Init(GPIOA, &GPIO_InitStruct);
 235:Core/Src/adc.c **** 
 236:Core/Src/adc.c ****     GPIO_InitStruct.Pin = GPIO_PIN_0|GPIO_PIN_1;
 237:Core/Src/adc.c ****     GPIO_InitStruct.Mode = GPIO_MODE_ANALOG;
 238:Core/Src/adc.c ****     GPIO_InitStruct.Pull = GPIO_NOPULL;
 239:Core/Src/adc.c ****     HAL_GPIO_Init(GPIOB, &GPIO_InitStruct);
 240:Core/Src/adc.c **** 
 241:Core/Src/adc.c ****   /* USER CODE BEGIN ADC1_MspInit 1 */
 242:Core/Src/adc.c **** 
 243:Core/Src/adc.c ****   /* USER CODE END ADC1_MspInit 1 */
 244:Core/Src/adc.c ****   }
 245:Core/Src/adc.c **** }
ARM GAS  C:\Users\Bgs\AppData\Local\Temp\cc4PIreE.s 			page 14


 485              		.loc 1 245 1 view .LVU154
 486 001e 0BB0     		add	sp, sp, #44
 487              	.LCFI6:
 488              		.cfi_remember_state
 489              		.cfi_def_cfa_offset 12
 490              		@ sp needed
 491 0020 30BD     		pop	{r4, r5, pc}
 492              	.LVL32:
 493              	.L38:
 494              	.LCFI7:
 495              		.cfi_restore_state
 204:Core/Src/adc.c **** 
 496              		.loc 1 204 5 is_stmt 1 view .LVU155
 497              	.LBB2:
 204:Core/Src/adc.c **** 
 498              		.loc 1 204 5 view .LVU156
 499 0022 0024     		movs	r4, #0
 500 0024 0194     		str	r4, [sp, #4]
 204:Core/Src/adc.c **** 
 501              		.loc 1 204 5 view .LVU157
 502 0026 03F58C33 		add	r3, r3, #71680
 503 002a 5A6C     		ldr	r2, [r3, #68]
 504 002c 42F48072 		orr	r2, r2, #256
 505 0030 5A64     		str	r2, [r3, #68]
 204:Core/Src/adc.c **** 
 506              		.loc 1 204 5 view .LVU158
 507 0032 5A6C     		ldr	r2, [r3, #68]
 508 0034 02F48072 		and	r2, r2, #256
 509 0038 0192     		str	r2, [sp, #4]
 204:Core/Src/adc.c **** 
 510              		.loc 1 204 5 view .LVU159
 511 003a 019A     		ldr	r2, [sp, #4]
 512              	.LBE2:
 204:Core/Src/adc.c **** 
 513              		.loc 1 204 5 view .LVU160
 206:Core/Src/adc.c ****     __HAL_RCC_GPIOA_CLK_ENABLE();
 514              		.loc 1 206 5 view .LVU161
 515              	.LBB3:
 206:Core/Src/adc.c ****     __HAL_RCC_GPIOA_CLK_ENABLE();
 516              		.loc 1 206 5 view .LVU162
 517 003c 0294     		str	r4, [sp, #8]
 206:Core/Src/adc.c ****     __HAL_RCC_GPIOA_CLK_ENABLE();
 518              		.loc 1 206 5 view .LVU163
 519 003e 1A6B     		ldr	r2, [r3, #48]
 520 0040 42F00402 		orr	r2, r2, #4
 521 0044 1A63     		str	r2, [r3, #48]
 206:Core/Src/adc.c ****     __HAL_RCC_GPIOA_CLK_ENABLE();
 522              		.loc 1 206 5 view .LVU164
 523 0046 1A6B     		ldr	r2, [r3, #48]
 524 0048 02F00402 		and	r2, r2, #4
 525 004c 0292     		str	r2, [sp, #8]
 206:Core/Src/adc.c ****     __HAL_RCC_GPIOA_CLK_ENABLE();
 526              		.loc 1 206 5 view .LVU165
 527 004e 029A     		ldr	r2, [sp, #8]
 528              	.LBE3:
 206:Core/Src/adc.c ****     __HAL_RCC_GPIOA_CLK_ENABLE();
 529              		.loc 1 206 5 view .LVU166
ARM GAS  C:\Users\Bgs\AppData\Local\Temp\cc4PIreE.s 			page 15


 207:Core/Src/adc.c ****     __HAL_RCC_GPIOB_CLK_ENABLE();
 530              		.loc 1 207 5 view .LVU167
 531              	.LBB4:
 207:Core/Src/adc.c ****     __HAL_RCC_GPIOB_CLK_ENABLE();
 532              		.loc 1 207 5 view .LVU168
 533 0050 0394     		str	r4, [sp, #12]
 207:Core/Src/adc.c ****     __HAL_RCC_GPIOB_CLK_ENABLE();
 534              		.loc 1 207 5 view .LVU169
 535 0052 1A6B     		ldr	r2, [r3, #48]
 536 0054 42F00102 		orr	r2, r2, #1
 537 0058 1A63     		str	r2, [r3, #48]
 207:Core/Src/adc.c ****     __HAL_RCC_GPIOB_CLK_ENABLE();
 538              		.loc 1 207 5 view .LVU170
 539 005a 1A6B     		ldr	r2, [r3, #48]
 540 005c 02F00102 		and	r2, r2, #1
 541 0060 0392     		str	r2, [sp, #12]
 207:Core/Src/adc.c ****     __HAL_RCC_GPIOB_CLK_ENABLE();
 542              		.loc 1 207 5 view .LVU171
 543 0062 039A     		ldr	r2, [sp, #12]
 544              	.LBE4:
 207:Core/Src/adc.c ****     __HAL_RCC_GPIOB_CLK_ENABLE();
 545              		.loc 1 207 5 view .LVU172
 208:Core/Src/adc.c ****     /**ADC1 GPIO Configuration
 546              		.loc 1 208 5 view .LVU173
 547              	.LBB5:
 208:Core/Src/adc.c ****     /**ADC1 GPIO Configuration
 548              		.loc 1 208 5 view .LVU174
 549 0064 0494     		str	r4, [sp, #16]
 208:Core/Src/adc.c ****     /**ADC1 GPIO Configuration
 550              		.loc 1 208 5 view .LVU175
 551 0066 1A6B     		ldr	r2, [r3, #48]
 552 0068 42F00202 		orr	r2, r2, #2
 553 006c 1A63     		str	r2, [r3, #48]
 208:Core/Src/adc.c ****     /**ADC1 GPIO Configuration
 554              		.loc 1 208 5 view .LVU176
 555 006e 1B6B     		ldr	r3, [r3, #48]
 556 0070 03F00203 		and	r3, r3, #2
 557 0074 0493     		str	r3, [sp, #16]
 208:Core/Src/adc.c ****     /**ADC1 GPIO Configuration
 558              		.loc 1 208 5 view .LVU177
 559 0076 049B     		ldr	r3, [sp, #16]
 560              	.LBE5:
 208:Core/Src/adc.c ****     /**ADC1 GPIO Configuration
 561              		.loc 1 208 5 view .LVU178
 225:Core/Src/adc.c ****     GPIO_InitStruct.Mode = GPIO_MODE_ANALOG;
 562              		.loc 1 225 5 view .LVU179
 225:Core/Src/adc.c ****     GPIO_InitStruct.Mode = GPIO_MODE_ANALOG;
 563              		.loc 1 225 25 is_stmt 0 view .LVU180
 564 0078 0F23     		movs	r3, #15
 565 007a 0593     		str	r3, [sp, #20]
 226:Core/Src/adc.c ****     GPIO_InitStruct.Pull = GPIO_NOPULL;
 566              		.loc 1 226 5 is_stmt 1 view .LVU181
 226:Core/Src/adc.c ****     GPIO_InitStruct.Pull = GPIO_NOPULL;
 567              		.loc 1 226 26 is_stmt 0 view .LVU182
 568 007c 0325     		movs	r5, #3
 569 007e 0695     		str	r5, [sp, #24]
 227:Core/Src/adc.c ****     HAL_GPIO_Init(GPIOC, &GPIO_InitStruct);
ARM GAS  C:\Users\Bgs\AppData\Local\Temp\cc4PIreE.s 			page 16


 570              		.loc 1 227 5 is_stmt 1 view .LVU183
 228:Core/Src/adc.c **** 
 571              		.loc 1 228 5 view .LVU184
 572 0080 05A9     		add	r1, sp, #20
 573 0082 0948     		ldr	r0, .L39
 574              	.LVL33:
 228:Core/Src/adc.c **** 
 575              		.loc 1 228 5 is_stmt 0 view .LVU185
 576 0084 FFF7FEFF 		bl	HAL_GPIO_Init
 577              	.LVL34:
 230:Core/Src/adc.c ****                           |GPIO_PIN_4|GPIO_PIN_5|GPIO_PIN_6|GPIO_PIN_7;
 578              		.loc 1 230 5 is_stmt 1 view .LVU186
 230:Core/Src/adc.c ****                           |GPIO_PIN_4|GPIO_PIN_5|GPIO_PIN_6|GPIO_PIN_7;
 579              		.loc 1 230 25 is_stmt 0 view .LVU187
 580 0088 FF23     		movs	r3, #255
 581 008a 0593     		str	r3, [sp, #20]
 232:Core/Src/adc.c ****     GPIO_InitStruct.Pull = GPIO_NOPULL;
 582              		.loc 1 232 5 is_stmt 1 view .LVU188
 232:Core/Src/adc.c ****     GPIO_InitStruct.Pull = GPIO_NOPULL;
 583              		.loc 1 232 26 is_stmt 0 view .LVU189
 584 008c 0695     		str	r5, [sp, #24]
 233:Core/Src/adc.c ****     HAL_GPIO_Init(GPIOA, &GPIO_InitStruct);
 585              		.loc 1 233 5 is_stmt 1 view .LVU190
 233:Core/Src/adc.c ****     HAL_GPIO_Init(GPIOA, &GPIO_InitStruct);
 586              		.loc 1 233 26 is_stmt 0 view .LVU191
 587 008e 0794     		str	r4, [sp, #28]
 234:Core/Src/adc.c **** 
 588              		.loc 1 234 5 is_stmt 1 view .LVU192
 589 0090 05A9     		add	r1, sp, #20
 590 0092 0648     		ldr	r0, .L39+4
 591 0094 FFF7FEFF 		bl	HAL_GPIO_Init
 592              	.LVL35:
 236:Core/Src/adc.c ****     GPIO_InitStruct.Mode = GPIO_MODE_ANALOG;
 593              		.loc 1 236 5 view .LVU193
 236:Core/Src/adc.c ****     GPIO_InitStruct.Mode = GPIO_MODE_ANALOG;
 594              		.loc 1 236 25 is_stmt 0 view .LVU194
 595 0098 0595     		str	r5, [sp, #20]
 237:Core/Src/adc.c ****     GPIO_InitStruct.Pull = GPIO_NOPULL;
 596              		.loc 1 237 5 is_stmt 1 view .LVU195
 237:Core/Src/adc.c ****     GPIO_InitStruct.Pull = GPIO_NOPULL;
 597              		.loc 1 237 26 is_stmt 0 view .LVU196
 598 009a 0695     		str	r5, [sp, #24]
 238:Core/Src/adc.c ****     HAL_GPIO_Init(GPIOB, &GPIO_InitStruct);
 599              		.loc 1 238 5 is_stmt 1 view .LVU197
 238:Core/Src/adc.c ****     HAL_GPIO_Init(GPIOB, &GPIO_InitStruct);
 600              		.loc 1 238 26 is_stmt 0 view .LVU198
 601 009c 0794     		str	r4, [sp, #28]
 239:Core/Src/adc.c **** 
 602              		.loc 1 239 5 is_stmt 1 view .LVU199
 603 009e 05A9     		add	r1, sp, #20
 604 00a0 0348     		ldr	r0, .L39+8
 605 00a2 FFF7FEFF 		bl	HAL_GPIO_Init
 606              	.LVL36:
 607              		.loc 1 245 1 is_stmt 0 view .LVU200
 608 00a6 BAE7     		b	.L35
 609              	.L40:
 610              		.align	2
ARM GAS  C:\Users\Bgs\AppData\Local\Temp\cc4PIreE.s 			page 17


 611              	.L39:
 612 00a8 00080240 		.word	1073874944
 613 00ac 00000240 		.word	1073872896
 614 00b0 00040240 		.word	1073873920
 615              		.cfi_endproc
 616              	.LFE217:
 618              		.section	.text.HAL_ADC_MspDeInit,"ax",%progbits
 619              		.align	1
 620              		.global	HAL_ADC_MspDeInit
 621              		.syntax unified
 622              		.thumb
 623              		.thumb_func
 625              	HAL_ADC_MspDeInit:
 626              	.LVL37:
 627              	.LFB218:
 246:Core/Src/adc.c **** 
 247:Core/Src/adc.c **** void HAL_ADC_MspDeInit(ADC_HandleTypeDef* adcHandle)
 248:Core/Src/adc.c **** {
 628              		.loc 1 248 1 is_stmt 1 view -0
 629              		.cfi_startproc
 630              		@ args = 0, pretend = 0, frame = 0
 631              		@ frame_needed = 0, uses_anonymous_args = 0
 632              		.loc 1 248 1 is_stmt 0 view .LVU202
 633 0000 08B5     		push	{r3, lr}
 634              	.LCFI8:
 635              		.cfi_def_cfa_offset 8
 636              		.cfi_offset 3, -8
 637              		.cfi_offset 14, -4
 249:Core/Src/adc.c **** 
 250:Core/Src/adc.c ****   if(adcHandle->Instance==ADC1)
 638              		.loc 1 250 3 is_stmt 1 view .LVU203
 639              		.loc 1 250 15 is_stmt 0 view .LVU204
 640 0002 0268     		ldr	r2, [r0]
 641              		.loc 1 250 5 view .LVU205
 642 0004 0A4B     		ldr	r3, .L45
 643 0006 9A42     		cmp	r2, r3
 644 0008 00D0     		beq	.L44
 645              	.LVL38:
 646              	.L41:
 251:Core/Src/adc.c ****   {
 252:Core/Src/adc.c ****   /* USER CODE BEGIN ADC1_MspDeInit 0 */
 253:Core/Src/adc.c **** 
 254:Core/Src/adc.c ****   /* USER CODE END ADC1_MspDeInit 0 */
 255:Core/Src/adc.c ****     /* Peripheral clock disable */
 256:Core/Src/adc.c ****     __HAL_RCC_ADC1_CLK_DISABLE();
 257:Core/Src/adc.c **** 
 258:Core/Src/adc.c ****     /**ADC1 GPIO Configuration
 259:Core/Src/adc.c ****     PC0     ------> ADC1_IN10
 260:Core/Src/adc.c ****     PC1     ------> ADC1_IN11
 261:Core/Src/adc.c ****     PC2     ------> ADC1_IN12
 262:Core/Src/adc.c ****     PC3     ------> ADC1_IN13
 263:Core/Src/adc.c ****     PA0-WKUP     ------> ADC1_IN0
 264:Core/Src/adc.c ****     PA1     ------> ADC1_IN1
 265:Core/Src/adc.c ****     PA2     ------> ADC1_IN2
 266:Core/Src/adc.c ****     PA3     ------> ADC1_IN3
 267:Core/Src/adc.c ****     PA4     ------> ADC1_IN4
 268:Core/Src/adc.c ****     PA5     ------> ADC1_IN5
ARM GAS  C:\Users\Bgs\AppData\Local\Temp\cc4PIreE.s 			page 18


 269:Core/Src/adc.c ****     PA6     ------> ADC1_IN6
 270:Core/Src/adc.c ****     PA7     ------> ADC1_IN7
 271:Core/Src/adc.c ****     PB0     ------> ADC1_IN8
 272:Core/Src/adc.c ****     PB1     ------> ADC1_IN9
 273:Core/Src/adc.c ****     */
 274:Core/Src/adc.c ****     HAL_GPIO_DeInit(GPIOC, GPIO_PIN_0|GPIO_PIN_1|GPIO_PIN_2|GPIO_PIN_3);
 275:Core/Src/adc.c **** 
 276:Core/Src/adc.c ****     HAL_GPIO_DeInit(GPIOA, GPIO_PIN_0|GPIO_PIN_1|GPIO_PIN_2|GPIO_PIN_3
 277:Core/Src/adc.c ****                           |GPIO_PIN_4|GPIO_PIN_5|GPIO_PIN_6|GPIO_PIN_7);
 278:Core/Src/adc.c **** 
 279:Core/Src/adc.c ****     HAL_GPIO_DeInit(GPIOB, GPIO_PIN_0|GPIO_PIN_1);
 280:Core/Src/adc.c **** 
 281:Core/Src/adc.c ****   /* USER CODE BEGIN ADC1_MspDeInit 1 */
 282:Core/Src/adc.c **** 
 283:Core/Src/adc.c ****   /* USER CODE END ADC1_MspDeInit 1 */
 284:Core/Src/adc.c ****   }
 285:Core/Src/adc.c **** }
 647              		.loc 1 285 1 view .LVU206
 648 000a 08BD     		pop	{r3, pc}
 649              	.LVL39:
 650              	.L44:
 256:Core/Src/adc.c **** 
 651              		.loc 1 256 5 is_stmt 1 view .LVU207
 652 000c 094A     		ldr	r2, .L45+4
 653 000e 536C     		ldr	r3, [r2, #68]
 654 0010 23F48073 		bic	r3, r3, #256
 655 0014 5364     		str	r3, [r2, #68]
 274:Core/Src/adc.c **** 
 656              		.loc 1 274 5 view .LVU208
 657 0016 0F21     		movs	r1, #15
 658 0018 0748     		ldr	r0, .L45+8
 659              	.LVL40:
 274:Core/Src/adc.c **** 
 660              		.loc 1 274 5 is_stmt 0 view .LVU209
 661 001a FFF7FEFF 		bl	HAL_GPIO_DeInit
 662              	.LVL41:
 276:Core/Src/adc.c ****                           |GPIO_PIN_4|GPIO_PIN_5|GPIO_PIN_6|GPIO_PIN_7);
 663              		.loc 1 276 5 is_stmt 1 view .LVU210
 664 001e FF21     		movs	r1, #255
 665 0020 0648     		ldr	r0, .L45+12
 666 0022 FFF7FEFF 		bl	HAL_GPIO_DeInit
 667              	.LVL42:
 279:Core/Src/adc.c **** 
 668              		.loc 1 279 5 view .LVU211
 669 0026 0321     		movs	r1, #3
 670 0028 0548     		ldr	r0, .L45+16
 671 002a FFF7FEFF 		bl	HAL_GPIO_DeInit
 672              	.LVL43:
 673              		.loc 1 285 1 is_stmt 0 view .LVU212
 674 002e ECE7     		b	.L41
 675              	.L46:
 676              		.align	2
 677              	.L45:
 678 0030 00200140 		.word	1073815552
 679 0034 00380240 		.word	1073887232
 680 0038 00080240 		.word	1073874944
 681 003c 00000240 		.word	1073872896
ARM GAS  C:\Users\Bgs\AppData\Local\Temp\cc4PIreE.s 			page 19


 682 0040 00040240 		.word	1073873920
 683              		.cfi_endproc
 684              	.LFE218:
 686              		.global	hadc1
 687              		.section	.bss.hadc1,"aw",%nobits
 688              		.align	2
 691              	hadc1:
 692 0000 00000000 		.space	72
 692      00000000 
 692      00000000 
 692      00000000 
 692      00000000 
 693              		.text
 694              	.Letext0:
 695              		.file 2 "c:\\program files\\arm-gnu-toolchain-12.2.mpacbti-rel1-mingw-w64-i686-arm-none-eabi\\arm-
 696              		.file 3 "c:\\program files\\arm-gnu-toolchain-12.2.mpacbti-rel1-mingw-w64-i686-arm-none-eabi\\arm-
 697              		.file 4 "Drivers/CMSIS/Device/ST/STM32F4xx/Include/stm32f411xe.h"
 698              		.file 5 "Drivers/CMSIS/Device/ST/STM32F4xx/Include/stm32f4xx.h"
 699              		.file 6 "Drivers/STM32F4xx_HAL_Driver/Inc/stm32f4xx_hal_def.h"
 700              		.file 7 "Drivers/STM32F4xx_HAL_Driver/Inc/stm32f4xx_hal_gpio.h"
 701              		.file 8 "Drivers/STM32F4xx_HAL_Driver/Inc/stm32f4xx_hal_dma.h"
 702              		.file 9 "Drivers/STM32F4xx_HAL_Driver/Inc/stm32f4xx_hal_adc.h"
 703              		.file 10 "Core/Inc/adc.h"
 704              		.file 11 "Core/Inc/main.h"
ARM GAS  C:\Users\Bgs\AppData\Local\Temp\cc4PIreE.s 			page 20


DEFINED SYMBOLS
                            *ABS*:00000000 adc.c
C:\Users\Bgs\AppData\Local\Temp\cc4PIreE.s:21     .text.MX_ADC1_Init:00000000 $t
C:\Users\Bgs\AppData\Local\Temp\cc4PIreE.s:27     .text.MX_ADC1_Init:00000000 MX_ADC1_Init
C:\Users\Bgs\AppData\Local\Temp\cc4PIreE.s:437    .text.MX_ADC1_Init:000001b8 $d
C:\Users\Bgs\AppData\Local\Temp\cc4PIreE.s:691    .bss.hadc1:00000000 hadc1
C:\Users\Bgs\AppData\Local\Temp\cc4PIreE.s:444    .text.HAL_ADC_MspInit:00000000 $t
C:\Users\Bgs\AppData\Local\Temp\cc4PIreE.s:450    .text.HAL_ADC_MspInit:00000000 HAL_ADC_MspInit
C:\Users\Bgs\AppData\Local\Temp\cc4PIreE.s:612    .text.HAL_ADC_MspInit:000000a8 $d
C:\Users\Bgs\AppData\Local\Temp\cc4PIreE.s:619    .text.HAL_ADC_MspDeInit:00000000 $t
C:\Users\Bgs\AppData\Local\Temp\cc4PIreE.s:625    .text.HAL_ADC_MspDeInit:00000000 HAL_ADC_MspDeInit
C:\Users\Bgs\AppData\Local\Temp\cc4PIreE.s:678    .text.HAL_ADC_MspDeInit:00000030 $d
C:\Users\Bgs\AppData\Local\Temp\cc4PIreE.s:688    .bss.hadc1:00000000 $d

UNDEFINED SYMBOLS
HAL_ADC_Init
HAL_ADC_ConfigChannel
Error_Handler
HAL_GPIO_Init
HAL_GPIO_DeInit
