ARM GAS  C:\Users\Bgs\AppData\Local\Temp\ccmBThlr.s 			page 1


   1              		.cpu cortex-m4
   2              		.arch armv7e-m
   3              		.fpu fpv4-sp-d16
   4              		.eabi_attribute 27, 1
   5              		.eabi_attribute 28, 1
   6              		.eabi_attribute 20, 1
   7              		.eabi_attribute 21, 1
   8              		.eabi_attribute 23, 3
   9              		.eabi_attribute 24, 1
  10              		.eabi_attribute 25, 1
  11              		.eabi_attribute 26, 1
  12              		.eabi_attribute 30, 1
  13              		.eabi_attribute 34, 1
  14              		.eabi_attribute 18, 4
  15              		.file	"main.c"
  16              		.text
  17              	.Ltext0:
  18              		.cfi_sections	.debug_frame
  19              		.file 1 "Core/Src/main.c"
  20              		.section	.text.HAL_TIM_PeriodElapsedCallback,"ax",%progbits
  21              		.align	1
  22              		.global	HAL_TIM_PeriodElapsedCallback
  23              		.syntax unified
  24              		.thumb
  25              		.thumb_func
  27              	HAL_TIM_PeriodElapsedCallback:
  28              	.LVL0:
  29              	.LFB223:
   1:Core/Src/main.c **** /* USER CODE BEGIN Header */
   2:Core/Src/main.c **** /**
   3:Core/Src/main.c ****   ******************************************************************************
   4:Core/Src/main.c ****   * @file           : main.c
   5:Core/Src/main.c ****   * @brief          : Main program body
   6:Core/Src/main.c ****   ******************************************************************************
   7:Core/Src/main.c ****   * @attention
   8:Core/Src/main.c ****   *
   9:Core/Src/main.c ****   * Copyright (c) 2023 STMicroelectronics.
  10:Core/Src/main.c ****   * All rights reserved.
  11:Core/Src/main.c ****   *
  12:Core/Src/main.c ****   * This software is licensed under terms that can be found in the LICENSE file
  13:Core/Src/main.c ****   * in the root directory of this software component.
  14:Core/Src/main.c ****   * If no LICENSE file comes with this software, it is provided AS-IS.
  15:Core/Src/main.c ****   *
  16:Core/Src/main.c ****   ******************************************************************************
  17:Core/Src/main.c ****   */
  18:Core/Src/main.c **** /* USER CODE END Header */
  19:Core/Src/main.c **** /* Includes ------------------------------------------------------------------*/
  20:Core/Src/main.c **** #include "main.h"
  21:Core/Src/main.c **** #include "cmsis_os.h"
  22:Core/Src/main.c **** #include "adc.h"
  23:Core/Src/main.c **** #include "dma.h"
  24:Core/Src/main.c **** #include "tim.h"
  25:Core/Src/main.c **** #include "usart.h"
  26:Core/Src/main.c **** #include "gpio.h"
  27:Core/Src/main.c **** 
  28:Core/Src/main.c **** /* Private includes ----------------------------------------------------------*/
  29:Core/Src/main.c **** /* USER CODE BEGIN Includes */
ARM GAS  C:\Users\Bgs\AppData\Local\Temp\ccmBThlr.s 			page 2


  30:Core/Src/main.c **** 
  31:Core/Src/main.c **** /* USER CODE END Includes */
  32:Core/Src/main.c **** 
  33:Core/Src/main.c **** /* Private typedef -----------------------------------------------------------*/
  34:Core/Src/main.c **** /* USER CODE BEGIN PTD */
  35:Core/Src/main.c **** 
  36:Core/Src/main.c **** /* USER CODE END PTD */
  37:Core/Src/main.c **** 
  38:Core/Src/main.c **** /* Private define ------------------------------------------------------------*/
  39:Core/Src/main.c **** /* USER CODE BEGIN PD */
  40:Core/Src/main.c **** 
  41:Core/Src/main.c **** /* USER CODE END PD */
  42:Core/Src/main.c **** 
  43:Core/Src/main.c **** /* Private macro -------------------------------------------------------------*/
  44:Core/Src/main.c **** /* USER CODE BEGIN PM */
  45:Core/Src/main.c **** 
  46:Core/Src/main.c **** /* USER CODE END PM */
  47:Core/Src/main.c **** 
  48:Core/Src/main.c **** /* Private variables ---------------------------------------------------------*/
  49:Core/Src/main.c **** 
  50:Core/Src/main.c **** /* USER CODE BEGIN PV */
  51:Core/Src/main.c **** 
  52:Core/Src/main.c **** /* USER CODE END PV */
  53:Core/Src/main.c **** 
  54:Core/Src/main.c **** /* Private function prototypes -----------------------------------------------*/
  55:Core/Src/main.c **** void SystemClock_Config(void);
  56:Core/Src/main.c **** void MX_FREERTOS_Init(void);
  57:Core/Src/main.c **** /* USER CODE BEGIN PFP */
  58:Core/Src/main.c **** 
  59:Core/Src/main.c **** /* USER CODE END PFP */
  60:Core/Src/main.c **** 
  61:Core/Src/main.c **** /* Private user code ---------------------------------------------------------*/
  62:Core/Src/main.c **** /* USER CODE BEGIN 0 */
  63:Core/Src/main.c **** 
  64:Core/Src/main.c **** /* USER CODE END 0 */
  65:Core/Src/main.c **** 
  66:Core/Src/main.c **** /**
  67:Core/Src/main.c ****   * @brief  The application entry point.
  68:Core/Src/main.c ****   * @retval int
  69:Core/Src/main.c ****   */
  70:Core/Src/main.c **** int main(void)
  71:Core/Src/main.c **** {
  72:Core/Src/main.c ****   /* USER CODE BEGIN 1 */
  73:Core/Src/main.c **** 
  74:Core/Src/main.c ****   /* USER CODE END 1 */
  75:Core/Src/main.c **** 
  76:Core/Src/main.c ****   /* MCU Configuration--------------------------------------------------------*/
  77:Core/Src/main.c **** 
  78:Core/Src/main.c ****   /* Reset of all peripherals, Initializes the Flash interface and the Systick. */
  79:Core/Src/main.c ****   HAL_Init();
  80:Core/Src/main.c **** 
  81:Core/Src/main.c ****   /* USER CODE BEGIN Init */
  82:Core/Src/main.c ****   
  83:Core/Src/main.c ****   /* USER CODE END Init */
  84:Core/Src/main.c **** 
  85:Core/Src/main.c ****   /* Configure the system clock */
  86:Core/Src/main.c ****   SystemClock_Config();
ARM GAS  C:\Users\Bgs\AppData\Local\Temp\ccmBThlr.s 			page 3


  87:Core/Src/main.c **** 
  88:Core/Src/main.c ****   /* USER CODE BEGIN SysInit */
  89:Core/Src/main.c **** 
  90:Core/Src/main.c ****   /* USER CODE END SysInit */
  91:Core/Src/main.c **** 
  92:Core/Src/main.c ****   /* Initialize all configured peripherals */
  93:Core/Src/main.c ****   MX_GPIO_Init();
  94:Core/Src/main.c ****   MX_DMA_Init();
  95:Core/Src/main.c ****   MX_ADC1_Init();
  96:Core/Src/main.c ****   MX_TIM4_Init();
  97:Core/Src/main.c ****   MX_USART6_UART_Init();
  98:Core/Src/main.c ****   /* USER CODE BEGIN 2 */
  99:Core/Src/main.c ****   HAL_TIM_PWM_Start(&htim4, TIM_CHANNEL_1);
 100:Core/Src/main.c ****   HAL_TIM_PWM_Start(&htim4, TIM_CHANNEL_2);
 101:Core/Src/main.c ****   /* USER CODE END 2 */
 102:Core/Src/main.c **** 
 103:Core/Src/main.c ****   /* Call init function for freertos objects (in freertos.c) */
 104:Core/Src/main.c ****   MX_FREERTOS_Init();
 105:Core/Src/main.c **** 
 106:Core/Src/main.c ****   /* Start scheduler */
 107:Core/Src/main.c ****   osKernelStart();
 108:Core/Src/main.c ****   /* We should never get here as control is now taken by the scheduler */
 109:Core/Src/main.c ****   /* Infinite loop */
 110:Core/Src/main.c ****   /* USER CODE BEGIN WHILE */
 111:Core/Src/main.c ****   while (1)
 112:Core/Src/main.c ****   {
 113:Core/Src/main.c ****     /* USER CODE END WHILE */
 114:Core/Src/main.c **** 
 115:Core/Src/main.c ****     /* USER CODE BEGIN 3 */
 116:Core/Src/main.c ****   }
 117:Core/Src/main.c ****   /* USER CODE END 3 */
 118:Core/Src/main.c **** }
 119:Core/Src/main.c **** 
 120:Core/Src/main.c **** /**
 121:Core/Src/main.c ****   * @brief System Clock Configuration
 122:Core/Src/main.c ****   * @retval None
 123:Core/Src/main.c ****   */
 124:Core/Src/main.c **** void SystemClock_Config(void)
 125:Core/Src/main.c **** {
 126:Core/Src/main.c ****   RCC_OscInitTypeDef RCC_OscInitStruct = {0};
 127:Core/Src/main.c ****   RCC_ClkInitTypeDef RCC_ClkInitStruct = {0};
 128:Core/Src/main.c **** 
 129:Core/Src/main.c ****   /** Configure the main internal regulator output voltage
 130:Core/Src/main.c ****   */
 131:Core/Src/main.c ****   __HAL_RCC_PWR_CLK_ENABLE();
 132:Core/Src/main.c ****   __HAL_PWR_VOLTAGESCALING_CONFIG(PWR_REGULATOR_VOLTAGE_SCALE1);
 133:Core/Src/main.c **** 
 134:Core/Src/main.c ****   /** Initializes the RCC Oscillators according to the specified parameters
 135:Core/Src/main.c ****   * in the RCC_OscInitTypeDef structure.
 136:Core/Src/main.c ****   */
 137:Core/Src/main.c ****   RCC_OscInitStruct.OscillatorType = RCC_OSCILLATORTYPE_HSE;
 138:Core/Src/main.c ****   RCC_OscInitStruct.HSEState = RCC_HSE_ON;
 139:Core/Src/main.c ****   RCC_OscInitStruct.PLL.PLLState = RCC_PLL_ON;
 140:Core/Src/main.c ****   RCC_OscInitStruct.PLL.PLLSource = RCC_PLLSOURCE_HSE;
 141:Core/Src/main.c ****   RCC_OscInitStruct.PLL.PLLM = 8;
 142:Core/Src/main.c ****   RCC_OscInitStruct.PLL.PLLN = 100;
 143:Core/Src/main.c ****   RCC_OscInitStruct.PLL.PLLP = RCC_PLLP_DIV2;
ARM GAS  C:\Users\Bgs\AppData\Local\Temp\ccmBThlr.s 			page 4


 144:Core/Src/main.c ****   RCC_OscInitStruct.PLL.PLLQ = 4;
 145:Core/Src/main.c ****   if (HAL_RCC_OscConfig(&RCC_OscInitStruct) != HAL_OK)
 146:Core/Src/main.c ****   {
 147:Core/Src/main.c ****     Error_Handler();
 148:Core/Src/main.c ****   }
 149:Core/Src/main.c **** 
 150:Core/Src/main.c ****   /** Initializes the CPU, AHB and APB buses clocks
 151:Core/Src/main.c ****   */
 152:Core/Src/main.c ****   RCC_ClkInitStruct.ClockType = RCC_CLOCKTYPE_HCLK|RCC_CLOCKTYPE_SYSCLK
 153:Core/Src/main.c ****                               |RCC_CLOCKTYPE_PCLK1|RCC_CLOCKTYPE_PCLK2;
 154:Core/Src/main.c ****   RCC_ClkInitStruct.SYSCLKSource = RCC_SYSCLKSOURCE_PLLCLK;
 155:Core/Src/main.c ****   RCC_ClkInitStruct.AHBCLKDivider = RCC_SYSCLK_DIV1;
 156:Core/Src/main.c ****   RCC_ClkInitStruct.APB1CLKDivider = RCC_HCLK_DIV2;
 157:Core/Src/main.c ****   RCC_ClkInitStruct.APB2CLKDivider = RCC_HCLK_DIV1;
 158:Core/Src/main.c **** 
 159:Core/Src/main.c ****   if (HAL_RCC_ClockConfig(&RCC_ClkInitStruct, FLASH_LATENCY_3) != HAL_OK)
 160:Core/Src/main.c ****   {
 161:Core/Src/main.c ****     Error_Handler();
 162:Core/Src/main.c ****   }
 163:Core/Src/main.c **** }
 164:Core/Src/main.c **** 
 165:Core/Src/main.c **** /* USER CODE BEGIN 4 */
 166:Core/Src/main.c **** 
 167:Core/Src/main.c **** /* USER CODE END 4 */
 168:Core/Src/main.c **** 
 169:Core/Src/main.c **** /**
 170:Core/Src/main.c ****   * @brief  Period elapsed callback in non blocking mode
 171:Core/Src/main.c ****   * @note   This function is called  when TIM10 interrupt took place, inside
 172:Core/Src/main.c ****   * HAL_TIM_IRQHandler(). It makes a direct call to HAL_IncTick() to increment
 173:Core/Src/main.c ****   * a global variable "uwTick" used as application time base.
 174:Core/Src/main.c ****   * @param  htim : TIM handle
 175:Core/Src/main.c ****   * @retval None
 176:Core/Src/main.c ****   */
 177:Core/Src/main.c **** void HAL_TIM_PeriodElapsedCallback(TIM_HandleTypeDef *htim)
 178:Core/Src/main.c **** {
  30              		.loc 1 178 1 view -0
  31              		.cfi_startproc
  32              		@ args = 0, pretend = 0, frame = 0
  33              		@ frame_needed = 0, uses_anonymous_args = 0
  34              		.loc 1 178 1 is_stmt 0 view .LVU1
  35 0000 08B5     		push	{r3, lr}
  36              	.LCFI0:
  37              		.cfi_def_cfa_offset 8
  38              		.cfi_offset 3, -8
  39              		.cfi_offset 14, -4
 179:Core/Src/main.c ****   /* USER CODE BEGIN Callback 0 */
 180:Core/Src/main.c **** 
 181:Core/Src/main.c ****   /* USER CODE END Callback 0 */
 182:Core/Src/main.c ****   if (htim->Instance == TIM10) {
  40              		.loc 1 182 3 is_stmt 1 view .LVU2
  41              		.loc 1 182 11 is_stmt 0 view .LVU3
  42 0002 0268     		ldr	r2, [r0]
  43              		.loc 1 182 6 view .LVU4
  44 0004 034B     		ldr	r3, .L5
  45 0006 9A42     		cmp	r2, r3
  46 0008 00D0     		beq	.L4
  47              	.LVL1:
ARM GAS  C:\Users\Bgs\AppData\Local\Temp\ccmBThlr.s 			page 5


  48              	.L1:
 183:Core/Src/main.c ****     HAL_IncTick();
 184:Core/Src/main.c ****   }
 185:Core/Src/main.c ****   /* USER CODE BEGIN Callback 1 */
 186:Core/Src/main.c **** 
 187:Core/Src/main.c ****   /* USER CODE END Callback 1 */
 188:Core/Src/main.c **** }
  49              		.loc 1 188 1 view .LVU5
  50 000a 08BD     		pop	{r3, pc}
  51              	.LVL2:
  52              	.L4:
 183:Core/Src/main.c ****     HAL_IncTick();
  53              		.loc 1 183 5 is_stmt 1 view .LVU6
  54 000c FFF7FEFF 		bl	HAL_IncTick
  55              	.LVL3:
  56              		.loc 1 188 1 is_stmt 0 view .LVU7
  57 0010 FBE7     		b	.L1
  58              	.L6:
  59 0012 00BF     		.align	2
  60              	.L5:
  61 0014 00440140 		.word	1073824768
  62              		.cfi_endproc
  63              	.LFE223:
  65              		.section	.text.Error_Handler,"ax",%progbits
  66              		.align	1
  67              		.global	Error_Handler
  68              		.syntax unified
  69              		.thumb
  70              		.thumb_func
  72              	Error_Handler:
  73              	.LFB224:
 189:Core/Src/main.c **** 
 190:Core/Src/main.c **** /**
 191:Core/Src/main.c ****   * @brief  This function is executed in case of error occurrence.
 192:Core/Src/main.c ****   * @retval None
 193:Core/Src/main.c ****   */
 194:Core/Src/main.c **** void Error_Handler(void)
 195:Core/Src/main.c **** {
  74              		.loc 1 195 1 is_stmt 1 view -0
  75              		.cfi_startproc
  76              		@ Volatile: function does not return.
  77              		@ args = 0, pretend = 0, frame = 0
  78              		@ frame_needed = 0, uses_anonymous_args = 0
  79              		@ link register save eliminated.
 196:Core/Src/main.c ****   /* USER CODE BEGIN Error_Handler_Debug */
 197:Core/Src/main.c ****   /* User can add his own implementation to report the HAL error return state */
 198:Core/Src/main.c ****   __disable_irq();
  80              		.loc 1 198 3 view .LVU9
  81              	.LBB4:
  82              	.LBI4:
  83              		.file 2 "Drivers/CMSIS/Include/cmsis_gcc.h"
   1:Drivers/CMSIS/Include/cmsis_gcc.h **** /**************************************************************************//**
   2:Drivers/CMSIS/Include/cmsis_gcc.h ****  * @file     cmsis_gcc.h
   3:Drivers/CMSIS/Include/cmsis_gcc.h ****  * @brief    CMSIS compiler GCC header file
   4:Drivers/CMSIS/Include/cmsis_gcc.h ****  * @version  V5.0.4
   5:Drivers/CMSIS/Include/cmsis_gcc.h ****  * @date     09. April 2018
   6:Drivers/CMSIS/Include/cmsis_gcc.h ****  ******************************************************************************/
ARM GAS  C:\Users\Bgs\AppData\Local\Temp\ccmBThlr.s 			page 6


   7:Drivers/CMSIS/Include/cmsis_gcc.h **** /*
   8:Drivers/CMSIS/Include/cmsis_gcc.h ****  * Copyright (c) 2009-2018 Arm Limited. All rights reserved.
   9:Drivers/CMSIS/Include/cmsis_gcc.h ****  *
  10:Drivers/CMSIS/Include/cmsis_gcc.h ****  * SPDX-License-Identifier: Apache-2.0
  11:Drivers/CMSIS/Include/cmsis_gcc.h ****  *
  12:Drivers/CMSIS/Include/cmsis_gcc.h ****  * Licensed under the Apache License, Version 2.0 (the License); you may
  13:Drivers/CMSIS/Include/cmsis_gcc.h ****  * not use this file except in compliance with the License.
  14:Drivers/CMSIS/Include/cmsis_gcc.h ****  * You may obtain a copy of the License at
  15:Drivers/CMSIS/Include/cmsis_gcc.h ****  *
  16:Drivers/CMSIS/Include/cmsis_gcc.h ****  * www.apache.org/licenses/LICENSE-2.0
  17:Drivers/CMSIS/Include/cmsis_gcc.h ****  *
  18:Drivers/CMSIS/Include/cmsis_gcc.h ****  * Unless required by applicable law or agreed to in writing, software
  19:Drivers/CMSIS/Include/cmsis_gcc.h ****  * distributed under the License is distributed on an AS IS BASIS, WITHOUT
  20:Drivers/CMSIS/Include/cmsis_gcc.h ****  * WARRANTIES OR CONDITIONS OF ANY KIND, either express or implied.
  21:Drivers/CMSIS/Include/cmsis_gcc.h ****  * See the License for the specific language governing permissions and
  22:Drivers/CMSIS/Include/cmsis_gcc.h ****  * limitations under the License.
  23:Drivers/CMSIS/Include/cmsis_gcc.h ****  */
  24:Drivers/CMSIS/Include/cmsis_gcc.h **** 
  25:Drivers/CMSIS/Include/cmsis_gcc.h **** #ifndef __CMSIS_GCC_H
  26:Drivers/CMSIS/Include/cmsis_gcc.h **** #define __CMSIS_GCC_H
  27:Drivers/CMSIS/Include/cmsis_gcc.h **** 
  28:Drivers/CMSIS/Include/cmsis_gcc.h **** /* ignore some GCC warnings */
  29:Drivers/CMSIS/Include/cmsis_gcc.h **** #pragma GCC diagnostic push
  30:Drivers/CMSIS/Include/cmsis_gcc.h **** #pragma GCC diagnostic ignored "-Wsign-conversion"
  31:Drivers/CMSIS/Include/cmsis_gcc.h **** #pragma GCC diagnostic ignored "-Wconversion"
  32:Drivers/CMSIS/Include/cmsis_gcc.h **** #pragma GCC diagnostic ignored "-Wunused-parameter"
  33:Drivers/CMSIS/Include/cmsis_gcc.h **** 
  34:Drivers/CMSIS/Include/cmsis_gcc.h **** /* Fallback for __has_builtin */
  35:Drivers/CMSIS/Include/cmsis_gcc.h **** #ifndef __has_builtin
  36:Drivers/CMSIS/Include/cmsis_gcc.h ****   #define __has_builtin(x) (0)
  37:Drivers/CMSIS/Include/cmsis_gcc.h **** #endif
  38:Drivers/CMSIS/Include/cmsis_gcc.h **** 
  39:Drivers/CMSIS/Include/cmsis_gcc.h **** /* CMSIS compiler specific defines */
  40:Drivers/CMSIS/Include/cmsis_gcc.h **** #ifndef   __ASM
  41:Drivers/CMSIS/Include/cmsis_gcc.h ****   #define __ASM                                  __asm
  42:Drivers/CMSIS/Include/cmsis_gcc.h **** #endif
  43:Drivers/CMSIS/Include/cmsis_gcc.h **** #ifndef   __INLINE
  44:Drivers/CMSIS/Include/cmsis_gcc.h ****   #define __INLINE                               inline
  45:Drivers/CMSIS/Include/cmsis_gcc.h **** #endif
  46:Drivers/CMSIS/Include/cmsis_gcc.h **** #ifndef   __STATIC_INLINE
  47:Drivers/CMSIS/Include/cmsis_gcc.h ****   #define __STATIC_INLINE                        static inline
  48:Drivers/CMSIS/Include/cmsis_gcc.h **** #endif
  49:Drivers/CMSIS/Include/cmsis_gcc.h **** #ifndef   __STATIC_FORCEINLINE                 
  50:Drivers/CMSIS/Include/cmsis_gcc.h ****   #define __STATIC_FORCEINLINE                   __attribute__((always_inline)) static inline
  51:Drivers/CMSIS/Include/cmsis_gcc.h **** #endif                                           
  52:Drivers/CMSIS/Include/cmsis_gcc.h **** #ifndef   __NO_RETURN
  53:Drivers/CMSIS/Include/cmsis_gcc.h ****   #define __NO_RETURN                            __attribute__((__noreturn__))
  54:Drivers/CMSIS/Include/cmsis_gcc.h **** #endif
  55:Drivers/CMSIS/Include/cmsis_gcc.h **** #ifndef   __USED
  56:Drivers/CMSIS/Include/cmsis_gcc.h ****   #define __USED                                 __attribute__((used))
  57:Drivers/CMSIS/Include/cmsis_gcc.h **** #endif
  58:Drivers/CMSIS/Include/cmsis_gcc.h **** #ifndef   __WEAK
  59:Drivers/CMSIS/Include/cmsis_gcc.h ****   #define __WEAK                                 __attribute__((weak))
  60:Drivers/CMSIS/Include/cmsis_gcc.h **** #endif
  61:Drivers/CMSIS/Include/cmsis_gcc.h **** #ifndef   __PACKED
  62:Drivers/CMSIS/Include/cmsis_gcc.h ****   #define __PACKED                               __attribute__((packed, aligned(1)))
  63:Drivers/CMSIS/Include/cmsis_gcc.h **** #endif
ARM GAS  C:\Users\Bgs\AppData\Local\Temp\ccmBThlr.s 			page 7


  64:Drivers/CMSIS/Include/cmsis_gcc.h **** #ifndef   __PACKED_STRUCT
  65:Drivers/CMSIS/Include/cmsis_gcc.h ****   #define __PACKED_STRUCT                        struct __attribute__((packed, aligned(1)))
  66:Drivers/CMSIS/Include/cmsis_gcc.h **** #endif
  67:Drivers/CMSIS/Include/cmsis_gcc.h **** #ifndef   __PACKED_UNION
  68:Drivers/CMSIS/Include/cmsis_gcc.h ****   #define __PACKED_UNION                         union __attribute__((packed, aligned(1)))
  69:Drivers/CMSIS/Include/cmsis_gcc.h **** #endif
  70:Drivers/CMSIS/Include/cmsis_gcc.h **** #ifndef   __UNALIGNED_UINT32        /* deprecated */
  71:Drivers/CMSIS/Include/cmsis_gcc.h ****   #pragma GCC diagnostic push
  72:Drivers/CMSIS/Include/cmsis_gcc.h ****   #pragma GCC diagnostic ignored "-Wpacked"
  73:Drivers/CMSIS/Include/cmsis_gcc.h ****   #pragma GCC diagnostic ignored "-Wattributes"
  74:Drivers/CMSIS/Include/cmsis_gcc.h ****   struct __attribute__((packed)) T_UINT32 { uint32_t v; };
  75:Drivers/CMSIS/Include/cmsis_gcc.h ****   #pragma GCC diagnostic pop
  76:Drivers/CMSIS/Include/cmsis_gcc.h ****   #define __UNALIGNED_UINT32(x)                  (((struct T_UINT32 *)(x))->v)
  77:Drivers/CMSIS/Include/cmsis_gcc.h **** #endif
  78:Drivers/CMSIS/Include/cmsis_gcc.h **** #ifndef   __UNALIGNED_UINT16_WRITE
  79:Drivers/CMSIS/Include/cmsis_gcc.h ****   #pragma GCC diagnostic push
  80:Drivers/CMSIS/Include/cmsis_gcc.h ****   #pragma GCC diagnostic ignored "-Wpacked"
  81:Drivers/CMSIS/Include/cmsis_gcc.h ****   #pragma GCC diagnostic ignored "-Wattributes"
  82:Drivers/CMSIS/Include/cmsis_gcc.h ****   __PACKED_STRUCT T_UINT16_WRITE { uint16_t v; };
  83:Drivers/CMSIS/Include/cmsis_gcc.h ****   #pragma GCC diagnostic pop
  84:Drivers/CMSIS/Include/cmsis_gcc.h ****   #define __UNALIGNED_UINT16_WRITE(addr, val)    (void)((((struct T_UINT16_WRITE *)(void *)(addr))-
  85:Drivers/CMSIS/Include/cmsis_gcc.h **** #endif
  86:Drivers/CMSIS/Include/cmsis_gcc.h **** #ifndef   __UNALIGNED_UINT16_READ
  87:Drivers/CMSIS/Include/cmsis_gcc.h ****   #pragma GCC diagnostic push
  88:Drivers/CMSIS/Include/cmsis_gcc.h ****   #pragma GCC diagnostic ignored "-Wpacked"
  89:Drivers/CMSIS/Include/cmsis_gcc.h ****   #pragma GCC diagnostic ignored "-Wattributes"
  90:Drivers/CMSIS/Include/cmsis_gcc.h ****   __PACKED_STRUCT T_UINT16_READ { uint16_t v; };
  91:Drivers/CMSIS/Include/cmsis_gcc.h ****   #pragma GCC diagnostic pop
  92:Drivers/CMSIS/Include/cmsis_gcc.h ****   #define __UNALIGNED_UINT16_READ(addr)          (((const struct T_UINT16_READ *)(const void *)(add
  93:Drivers/CMSIS/Include/cmsis_gcc.h **** #endif
  94:Drivers/CMSIS/Include/cmsis_gcc.h **** #ifndef   __UNALIGNED_UINT32_WRITE
  95:Drivers/CMSIS/Include/cmsis_gcc.h ****   #pragma GCC diagnostic push
  96:Drivers/CMSIS/Include/cmsis_gcc.h ****   #pragma GCC diagnostic ignored "-Wpacked"
  97:Drivers/CMSIS/Include/cmsis_gcc.h ****   #pragma GCC diagnostic ignored "-Wattributes"
  98:Drivers/CMSIS/Include/cmsis_gcc.h ****   __PACKED_STRUCT T_UINT32_WRITE { uint32_t v; };
  99:Drivers/CMSIS/Include/cmsis_gcc.h ****   #pragma GCC diagnostic pop
 100:Drivers/CMSIS/Include/cmsis_gcc.h ****   #define __UNALIGNED_UINT32_WRITE(addr, val)    (void)((((struct T_UINT32_WRITE *)(void *)(addr))-
 101:Drivers/CMSIS/Include/cmsis_gcc.h **** #endif
 102:Drivers/CMSIS/Include/cmsis_gcc.h **** #ifndef   __UNALIGNED_UINT32_READ
 103:Drivers/CMSIS/Include/cmsis_gcc.h ****   #pragma GCC diagnostic push
 104:Drivers/CMSIS/Include/cmsis_gcc.h ****   #pragma GCC diagnostic ignored "-Wpacked"
 105:Drivers/CMSIS/Include/cmsis_gcc.h ****   #pragma GCC diagnostic ignored "-Wattributes"
 106:Drivers/CMSIS/Include/cmsis_gcc.h ****   __PACKED_STRUCT T_UINT32_READ { uint32_t v; };
 107:Drivers/CMSIS/Include/cmsis_gcc.h ****   #pragma GCC diagnostic pop
 108:Drivers/CMSIS/Include/cmsis_gcc.h ****   #define __UNALIGNED_UINT32_READ(addr)          (((const struct T_UINT32_READ *)(const void *)(add
 109:Drivers/CMSIS/Include/cmsis_gcc.h **** #endif
 110:Drivers/CMSIS/Include/cmsis_gcc.h **** #ifndef   __ALIGNED
 111:Drivers/CMSIS/Include/cmsis_gcc.h ****   #define __ALIGNED(x)                           __attribute__((aligned(x)))
 112:Drivers/CMSIS/Include/cmsis_gcc.h **** #endif
 113:Drivers/CMSIS/Include/cmsis_gcc.h **** #ifndef   __RESTRICT
 114:Drivers/CMSIS/Include/cmsis_gcc.h ****   #define __RESTRICT                             __restrict
 115:Drivers/CMSIS/Include/cmsis_gcc.h **** #endif
 116:Drivers/CMSIS/Include/cmsis_gcc.h **** 
 117:Drivers/CMSIS/Include/cmsis_gcc.h **** 
 118:Drivers/CMSIS/Include/cmsis_gcc.h **** /* ###########################  Core Function Access  ########################### */
 119:Drivers/CMSIS/Include/cmsis_gcc.h **** /** \ingroup  CMSIS_Core_FunctionInterface
 120:Drivers/CMSIS/Include/cmsis_gcc.h ****     \defgroup CMSIS_Core_RegAccFunctions CMSIS Core Register Access Functions
ARM GAS  C:\Users\Bgs\AppData\Local\Temp\ccmBThlr.s 			page 8


 121:Drivers/CMSIS/Include/cmsis_gcc.h ****   @{
 122:Drivers/CMSIS/Include/cmsis_gcc.h ****  */
 123:Drivers/CMSIS/Include/cmsis_gcc.h **** 
 124:Drivers/CMSIS/Include/cmsis_gcc.h **** /**
 125:Drivers/CMSIS/Include/cmsis_gcc.h ****   \brief   Enable IRQ Interrupts
 126:Drivers/CMSIS/Include/cmsis_gcc.h ****   \details Enables IRQ interrupts by clearing the I-bit in the CPSR.
 127:Drivers/CMSIS/Include/cmsis_gcc.h ****            Can only be executed in Privileged modes.
 128:Drivers/CMSIS/Include/cmsis_gcc.h ****  */
 129:Drivers/CMSIS/Include/cmsis_gcc.h **** __STATIC_FORCEINLINE void __enable_irq(void)
 130:Drivers/CMSIS/Include/cmsis_gcc.h **** {
 131:Drivers/CMSIS/Include/cmsis_gcc.h ****   __ASM volatile ("cpsie i" : : : "memory");
 132:Drivers/CMSIS/Include/cmsis_gcc.h **** }
 133:Drivers/CMSIS/Include/cmsis_gcc.h **** 
 134:Drivers/CMSIS/Include/cmsis_gcc.h **** 
 135:Drivers/CMSIS/Include/cmsis_gcc.h **** /**
 136:Drivers/CMSIS/Include/cmsis_gcc.h ****   \brief   Disable IRQ Interrupts
 137:Drivers/CMSIS/Include/cmsis_gcc.h ****   \details Disables IRQ interrupts by setting the I-bit in the CPSR.
 138:Drivers/CMSIS/Include/cmsis_gcc.h ****            Can only be executed in Privileged modes.
 139:Drivers/CMSIS/Include/cmsis_gcc.h ****  */
 140:Drivers/CMSIS/Include/cmsis_gcc.h **** __STATIC_FORCEINLINE void __disable_irq(void)
  84              		.loc 2 140 27 view .LVU10
  85              	.LBB5:
 141:Drivers/CMSIS/Include/cmsis_gcc.h **** {
 142:Drivers/CMSIS/Include/cmsis_gcc.h ****   __ASM volatile ("cpsid i" : : : "memory");
  86              		.loc 2 142 3 view .LVU11
  87              		.syntax unified
  88              	@ 142 "Drivers/CMSIS/Include/cmsis_gcc.h" 1
  89 0000 72B6     		cpsid i
  90              	@ 0 "" 2
  91              		.thumb
  92              		.syntax unified
  93              	.L8:
  94              	.LBE5:
  95              	.LBE4:
 199:Core/Src/main.c ****   while (1)
  96              		.loc 1 199 3 discriminator 1 view .LVU12
 200:Core/Src/main.c ****   {
 201:Core/Src/main.c ****   }
  97              		.loc 1 201 3 discriminator 1 view .LVU13
 199:Core/Src/main.c ****   while (1)
  98              		.loc 1 199 9 discriminator 1 view .LVU14
  99 0002 FEE7     		b	.L8
 100              		.cfi_endproc
 101              	.LFE224:
 103              		.section	.text.SystemClock_Config,"ax",%progbits
 104              		.align	1
 105              		.global	SystemClock_Config
 106              		.syntax unified
 107              		.thumb
 108              		.thumb_func
 110              	SystemClock_Config:
 111              	.LFB222:
 125:Core/Src/main.c ****   RCC_OscInitTypeDef RCC_OscInitStruct = {0};
 112              		.loc 1 125 1 view -0
 113              		.cfi_startproc
 114              		@ args = 0, pretend = 0, frame = 80
 115              		@ frame_needed = 0, uses_anonymous_args = 0
ARM GAS  C:\Users\Bgs\AppData\Local\Temp\ccmBThlr.s 			page 9


 116 0000 00B5     		push	{lr}
 117              	.LCFI1:
 118              		.cfi_def_cfa_offset 4
 119              		.cfi_offset 14, -4
 120 0002 95B0     		sub	sp, sp, #84
 121              	.LCFI2:
 122              		.cfi_def_cfa_offset 88
 126:Core/Src/main.c ****   RCC_ClkInitTypeDef RCC_ClkInitStruct = {0};
 123              		.loc 1 126 3 view .LVU16
 126:Core/Src/main.c ****   RCC_ClkInitTypeDef RCC_ClkInitStruct = {0};
 124              		.loc 1 126 22 is_stmt 0 view .LVU17
 125 0004 3022     		movs	r2, #48
 126 0006 0021     		movs	r1, #0
 127 0008 08A8     		add	r0, sp, #32
 128 000a FFF7FEFF 		bl	memset
 129              	.LVL4:
 127:Core/Src/main.c **** 
 130              		.loc 1 127 3 is_stmt 1 view .LVU18
 127:Core/Src/main.c **** 
 131              		.loc 1 127 22 is_stmt 0 view .LVU19
 132 000e 0023     		movs	r3, #0
 133 0010 0393     		str	r3, [sp, #12]
 134 0012 0493     		str	r3, [sp, #16]
 135 0014 0593     		str	r3, [sp, #20]
 136 0016 0693     		str	r3, [sp, #24]
 137 0018 0793     		str	r3, [sp, #28]
 131:Core/Src/main.c ****   __HAL_PWR_VOLTAGESCALING_CONFIG(PWR_REGULATOR_VOLTAGE_SCALE1);
 138              		.loc 1 131 3 is_stmt 1 view .LVU20
 139              	.LBB6:
 131:Core/Src/main.c ****   __HAL_PWR_VOLTAGESCALING_CONFIG(PWR_REGULATOR_VOLTAGE_SCALE1);
 140              		.loc 1 131 3 view .LVU21
 141 001a 0193     		str	r3, [sp, #4]
 131:Core/Src/main.c ****   __HAL_PWR_VOLTAGESCALING_CONFIG(PWR_REGULATOR_VOLTAGE_SCALE1);
 142              		.loc 1 131 3 view .LVU22
 143 001c 1F4A     		ldr	r2, .L15
 144 001e 116C     		ldr	r1, [r2, #64]
 145 0020 41F08051 		orr	r1, r1, #268435456
 146 0024 1164     		str	r1, [r2, #64]
 131:Core/Src/main.c ****   __HAL_PWR_VOLTAGESCALING_CONFIG(PWR_REGULATOR_VOLTAGE_SCALE1);
 147              		.loc 1 131 3 view .LVU23
 148 0026 126C     		ldr	r2, [r2, #64]
 149 0028 02F08052 		and	r2, r2, #268435456
 150 002c 0192     		str	r2, [sp, #4]
 131:Core/Src/main.c ****   __HAL_PWR_VOLTAGESCALING_CONFIG(PWR_REGULATOR_VOLTAGE_SCALE1);
 151              		.loc 1 131 3 view .LVU24
 152 002e 019A     		ldr	r2, [sp, #4]
 153              	.LBE6:
 131:Core/Src/main.c ****   __HAL_PWR_VOLTAGESCALING_CONFIG(PWR_REGULATOR_VOLTAGE_SCALE1);
 154              		.loc 1 131 3 view .LVU25
 132:Core/Src/main.c **** 
 155              		.loc 1 132 3 view .LVU26
 156              	.LBB7:
 132:Core/Src/main.c **** 
 157              		.loc 1 132 3 view .LVU27
 158 0030 0293     		str	r3, [sp, #8]
 132:Core/Src/main.c **** 
 159              		.loc 1 132 3 view .LVU28
ARM GAS  C:\Users\Bgs\AppData\Local\Temp\ccmBThlr.s 			page 10


 160 0032 1B4B     		ldr	r3, .L15+4
 161 0034 1A68     		ldr	r2, [r3]
 162 0036 42F44042 		orr	r2, r2, #49152
 163 003a 1A60     		str	r2, [r3]
 132:Core/Src/main.c **** 
 164              		.loc 1 132 3 view .LVU29
 165 003c 1B68     		ldr	r3, [r3]
 166 003e 03F44043 		and	r3, r3, #49152
 167 0042 0293     		str	r3, [sp, #8]
 132:Core/Src/main.c **** 
 168              		.loc 1 132 3 view .LVU30
 169 0044 029B     		ldr	r3, [sp, #8]
 170              	.LBE7:
 132:Core/Src/main.c **** 
 171              		.loc 1 132 3 view .LVU31
 137:Core/Src/main.c ****   RCC_OscInitStruct.HSEState = RCC_HSE_ON;
 172              		.loc 1 137 3 view .LVU32
 137:Core/Src/main.c ****   RCC_OscInitStruct.HSEState = RCC_HSE_ON;
 173              		.loc 1 137 36 is_stmt 0 view .LVU33
 174 0046 0123     		movs	r3, #1
 175 0048 0893     		str	r3, [sp, #32]
 138:Core/Src/main.c ****   RCC_OscInitStruct.PLL.PLLState = RCC_PLL_ON;
 176              		.loc 1 138 3 is_stmt 1 view .LVU34
 138:Core/Src/main.c ****   RCC_OscInitStruct.PLL.PLLState = RCC_PLL_ON;
 177              		.loc 1 138 30 is_stmt 0 view .LVU35
 178 004a 4FF48033 		mov	r3, #65536
 179 004e 0993     		str	r3, [sp, #36]
 139:Core/Src/main.c ****   RCC_OscInitStruct.PLL.PLLSource = RCC_PLLSOURCE_HSE;
 180              		.loc 1 139 3 is_stmt 1 view .LVU36
 139:Core/Src/main.c ****   RCC_OscInitStruct.PLL.PLLSource = RCC_PLLSOURCE_HSE;
 181              		.loc 1 139 34 is_stmt 0 view .LVU37
 182 0050 0223     		movs	r3, #2
 183 0052 0E93     		str	r3, [sp, #56]
 140:Core/Src/main.c ****   RCC_OscInitStruct.PLL.PLLM = 8;
 184              		.loc 1 140 3 is_stmt 1 view .LVU38
 140:Core/Src/main.c ****   RCC_OscInitStruct.PLL.PLLM = 8;
 185              		.loc 1 140 35 is_stmt 0 view .LVU39
 186 0054 4FF48002 		mov	r2, #4194304
 187 0058 0F92     		str	r2, [sp, #60]
 141:Core/Src/main.c ****   RCC_OscInitStruct.PLL.PLLN = 100;
 188              		.loc 1 141 3 is_stmt 1 view .LVU40
 141:Core/Src/main.c ****   RCC_OscInitStruct.PLL.PLLN = 100;
 189              		.loc 1 141 30 is_stmt 0 view .LVU41
 190 005a 0822     		movs	r2, #8
 191 005c 1092     		str	r2, [sp, #64]
 142:Core/Src/main.c ****   RCC_OscInitStruct.PLL.PLLP = RCC_PLLP_DIV2;
 192              		.loc 1 142 3 is_stmt 1 view .LVU42
 142:Core/Src/main.c ****   RCC_OscInitStruct.PLL.PLLP = RCC_PLLP_DIV2;
 193              		.loc 1 142 30 is_stmt 0 view .LVU43
 194 005e 6422     		movs	r2, #100
 195 0060 1192     		str	r2, [sp, #68]
 143:Core/Src/main.c ****   RCC_OscInitStruct.PLL.PLLQ = 4;
 196              		.loc 1 143 3 is_stmt 1 view .LVU44
 143:Core/Src/main.c ****   RCC_OscInitStruct.PLL.PLLQ = 4;
 197              		.loc 1 143 30 is_stmt 0 view .LVU45
 198 0062 1293     		str	r3, [sp, #72]
 144:Core/Src/main.c ****   if (HAL_RCC_OscConfig(&RCC_OscInitStruct) != HAL_OK)
ARM GAS  C:\Users\Bgs\AppData\Local\Temp\ccmBThlr.s 			page 11


 199              		.loc 1 144 3 is_stmt 1 view .LVU46
 144:Core/Src/main.c ****   if (HAL_RCC_OscConfig(&RCC_OscInitStruct) != HAL_OK)
 200              		.loc 1 144 30 is_stmt 0 view .LVU47
 201 0064 0423     		movs	r3, #4
 202 0066 1393     		str	r3, [sp, #76]
 145:Core/Src/main.c ****   {
 203              		.loc 1 145 3 is_stmt 1 view .LVU48
 145:Core/Src/main.c ****   {
 204              		.loc 1 145 7 is_stmt 0 view .LVU49
 205 0068 08A8     		add	r0, sp, #32
 206 006a FFF7FEFF 		bl	HAL_RCC_OscConfig
 207              	.LVL5:
 145:Core/Src/main.c ****   {
 208              		.loc 1 145 6 view .LVU50
 209 006e 88B9     		cbnz	r0, .L13
 152:Core/Src/main.c ****                               |RCC_CLOCKTYPE_PCLK1|RCC_CLOCKTYPE_PCLK2;
 210              		.loc 1 152 3 is_stmt 1 view .LVU51
 152:Core/Src/main.c ****                               |RCC_CLOCKTYPE_PCLK1|RCC_CLOCKTYPE_PCLK2;
 211              		.loc 1 152 31 is_stmt 0 view .LVU52
 212 0070 0F23     		movs	r3, #15
 213 0072 0393     		str	r3, [sp, #12]
 154:Core/Src/main.c ****   RCC_ClkInitStruct.AHBCLKDivider = RCC_SYSCLK_DIV1;
 214              		.loc 1 154 3 is_stmt 1 view .LVU53
 154:Core/Src/main.c ****   RCC_ClkInitStruct.AHBCLKDivider = RCC_SYSCLK_DIV1;
 215              		.loc 1 154 34 is_stmt 0 view .LVU54
 216 0074 0223     		movs	r3, #2
 217 0076 0493     		str	r3, [sp, #16]
 155:Core/Src/main.c ****   RCC_ClkInitStruct.APB1CLKDivider = RCC_HCLK_DIV2;
 218              		.loc 1 155 3 is_stmt 1 view .LVU55
 155:Core/Src/main.c ****   RCC_ClkInitStruct.APB1CLKDivider = RCC_HCLK_DIV2;
 219              		.loc 1 155 35 is_stmt 0 view .LVU56
 220 0078 0023     		movs	r3, #0
 221 007a 0593     		str	r3, [sp, #20]
 156:Core/Src/main.c ****   RCC_ClkInitStruct.APB2CLKDivider = RCC_HCLK_DIV1;
 222              		.loc 1 156 3 is_stmt 1 view .LVU57
 156:Core/Src/main.c ****   RCC_ClkInitStruct.APB2CLKDivider = RCC_HCLK_DIV1;
 223              		.loc 1 156 36 is_stmt 0 view .LVU58
 224 007c 4FF48052 		mov	r2, #4096
 225 0080 0692     		str	r2, [sp, #24]
 157:Core/Src/main.c **** 
 226              		.loc 1 157 3 is_stmt 1 view .LVU59
 157:Core/Src/main.c **** 
 227              		.loc 1 157 36 is_stmt 0 view .LVU60
 228 0082 0793     		str	r3, [sp, #28]
 159:Core/Src/main.c ****   {
 229              		.loc 1 159 3 is_stmt 1 view .LVU61
 159:Core/Src/main.c ****   {
 230              		.loc 1 159 7 is_stmt 0 view .LVU62
 231 0084 0321     		movs	r1, #3
 232 0086 03A8     		add	r0, sp, #12
 233 0088 FFF7FEFF 		bl	HAL_RCC_ClockConfig
 234              	.LVL6:
 159:Core/Src/main.c ****   {
 235              		.loc 1 159 6 view .LVU63
 236 008c 20B9     		cbnz	r0, .L14
 163:Core/Src/main.c **** 
 237              		.loc 1 163 1 view .LVU64
ARM GAS  C:\Users\Bgs\AppData\Local\Temp\ccmBThlr.s 			page 12


 238 008e 15B0     		add	sp, sp, #84
 239              	.LCFI3:
 240              		.cfi_remember_state
 241              		.cfi_def_cfa_offset 4
 242              		@ sp needed
 243 0090 5DF804FB 		ldr	pc, [sp], #4
 244              	.L13:
 245              	.LCFI4:
 246              		.cfi_restore_state
 147:Core/Src/main.c ****   }
 247              		.loc 1 147 5 is_stmt 1 view .LVU65
 248 0094 FFF7FEFF 		bl	Error_Handler
 249              	.LVL7:
 250              	.L14:
 161:Core/Src/main.c ****   }
 251              		.loc 1 161 5 view .LVU66
 252 0098 FFF7FEFF 		bl	Error_Handler
 253              	.LVL8:
 254              	.L16:
 255              		.align	2
 256              	.L15:
 257 009c 00380240 		.word	1073887232
 258 00a0 00700040 		.word	1073770496
 259              		.cfi_endproc
 260              	.LFE222:
 262              		.section	.text.main,"ax",%progbits
 263              		.align	1
 264              		.global	main
 265              		.syntax unified
 266              		.thumb
 267              		.thumb_func
 269              	main:
 270              	.LFB221:
  71:Core/Src/main.c ****   /* USER CODE BEGIN 1 */
 271              		.loc 1 71 1 view -0
 272              		.cfi_startproc
 273              		@ Volatile: function does not return.
 274              		@ args = 0, pretend = 0, frame = 0
 275              		@ frame_needed = 0, uses_anonymous_args = 0
 276 0000 08B5     		push	{r3, lr}
 277              	.LCFI5:
 278              		.cfi_def_cfa_offset 8
 279              		.cfi_offset 3, -8
 280              		.cfi_offset 14, -4
  79:Core/Src/main.c **** 
 281              		.loc 1 79 3 view .LVU68
 282 0002 FFF7FEFF 		bl	HAL_Init
 283              	.LVL9:
  86:Core/Src/main.c **** 
 284              		.loc 1 86 3 view .LVU69
 285 0006 FFF7FEFF 		bl	SystemClock_Config
 286              	.LVL10:
  93:Core/Src/main.c ****   MX_DMA_Init();
 287              		.loc 1 93 3 view .LVU70
 288 000a FFF7FEFF 		bl	MX_GPIO_Init
 289              	.LVL11:
  94:Core/Src/main.c ****   MX_ADC1_Init();
ARM GAS  C:\Users\Bgs\AppData\Local\Temp\ccmBThlr.s 			page 13


 290              		.loc 1 94 3 view .LVU71
 291 000e FFF7FEFF 		bl	MX_DMA_Init
 292              	.LVL12:
  95:Core/Src/main.c ****   MX_TIM4_Init();
 293              		.loc 1 95 3 view .LVU72
 294 0012 FFF7FEFF 		bl	MX_ADC1_Init
 295              	.LVL13:
  96:Core/Src/main.c ****   MX_USART6_UART_Init();
 296              		.loc 1 96 3 view .LVU73
 297 0016 FFF7FEFF 		bl	MX_TIM4_Init
 298              	.LVL14:
  97:Core/Src/main.c ****   /* USER CODE BEGIN 2 */
 299              		.loc 1 97 3 view .LVU74
 300 001a FFF7FEFF 		bl	MX_USART6_UART_Init
 301              	.LVL15:
  99:Core/Src/main.c ****   HAL_TIM_PWM_Start(&htim4, TIM_CHANNEL_2);
 302              		.loc 1 99 3 view .LVU75
 303 001e 074C     		ldr	r4, .L20
 304 0020 0021     		movs	r1, #0
 305 0022 2046     		mov	r0, r4
 306 0024 FFF7FEFF 		bl	HAL_TIM_PWM_Start
 307              	.LVL16:
 100:Core/Src/main.c ****   /* USER CODE END 2 */
 308              		.loc 1 100 3 view .LVU76
 309 0028 0421     		movs	r1, #4
 310 002a 2046     		mov	r0, r4
 311 002c FFF7FEFF 		bl	HAL_TIM_PWM_Start
 312              	.LVL17:
 104:Core/Src/main.c **** 
 313              		.loc 1 104 3 view .LVU77
 314 0030 FFF7FEFF 		bl	MX_FREERTOS_Init
 315              	.LVL18:
 107:Core/Src/main.c ****   /* We should never get here as control is now taken by the scheduler */
 316              		.loc 1 107 3 view .LVU78
 317 0034 FFF7FEFF 		bl	osKernelStart
 318              	.LVL19:
 319              	.L18:
 111:Core/Src/main.c ****   {
 320              		.loc 1 111 3 discriminator 1 view .LVU79
 116:Core/Src/main.c ****   /* USER CODE END 3 */
 321              		.loc 1 116 3 discriminator 1 view .LVU80
 111:Core/Src/main.c ****   {
 322              		.loc 1 111 9 discriminator 1 view .LVU81
 323 0038 FEE7     		b	.L18
 324              	.L21:
 325 003a 00BF     		.align	2
 326              	.L20:
 327 003c 00000000 		.word	htim4
 328              		.cfi_endproc
 329              	.LFE221:
 331              		.text
 332              	.Letext0:
 333              		.file 3 "c:\\program files\\arm-gnu-toolchain-12.2.mpacbti-rel1-mingw-w64-i686-arm-none-eabi\\arm-
 334              		.file 4 "c:\\program files\\arm-gnu-toolchain-12.2.mpacbti-rel1-mingw-w64-i686-arm-none-eabi\\arm-
 335              		.file 5 "Drivers/CMSIS/Device/ST/STM32F4xx/Include/stm32f411xe.h"
 336              		.file 6 "Drivers/STM32F4xx_HAL_Driver/Inc/stm32f4xx_hal_def.h"
 337              		.file 7 "Drivers/STM32F4xx_HAL_Driver/Inc/stm32f4xx_hal_rcc_ex.h"
ARM GAS  C:\Users\Bgs\AppData\Local\Temp\ccmBThlr.s 			page 14


 338              		.file 8 "Drivers/STM32F4xx_HAL_Driver/Inc/stm32f4xx_hal_rcc.h"
 339              		.file 9 "Drivers/STM32F4xx_HAL_Driver/Inc/stm32f4xx_hal_dma.h"
 340              		.file 10 "Drivers/STM32F4xx_HAL_Driver/Inc/stm32f4xx_hal_tim.h"
 341              		.file 11 "Middlewares/Third_Party/FreeRTOS/Source/CMSIS_RTOS/cmsis_os.h"
 342              		.file 12 "Drivers/STM32F4xx_HAL_Driver/Inc/stm32f4xx_hal.h"
 343              		.file 13 "Core/Inc/usart.h"
 344              		.file 14 "Core/Inc/tim.h"
 345              		.file 15 "Core/Inc/adc.h"
 346              		.file 16 "Core/Inc/dma.h"
 347              		.file 17 "Core/Inc/gpio.h"
 348              		.file 18 "<built-in>"
ARM GAS  C:\Users\Bgs\AppData\Local\Temp\ccmBThlr.s 			page 15


DEFINED SYMBOLS
                            *ABS*:00000000 main.c
C:\Users\Bgs\AppData\Local\Temp\ccmBThlr.s:21     .text.HAL_TIM_PeriodElapsedCallback:00000000 $t
C:\Users\Bgs\AppData\Local\Temp\ccmBThlr.s:27     .text.HAL_TIM_PeriodElapsedCallback:00000000 HAL_TIM_PeriodElapsedCallback
C:\Users\Bgs\AppData\Local\Temp\ccmBThlr.s:61     .text.HAL_TIM_PeriodElapsedCallback:00000014 $d
C:\Users\Bgs\AppData\Local\Temp\ccmBThlr.s:66     .text.Error_Handler:00000000 $t
C:\Users\Bgs\AppData\Local\Temp\ccmBThlr.s:72     .text.Error_Handler:00000000 Error_Handler
C:\Users\Bgs\AppData\Local\Temp\ccmBThlr.s:104    .text.SystemClock_Config:00000000 $t
C:\Users\Bgs\AppData\Local\Temp\ccmBThlr.s:110    .text.SystemClock_Config:00000000 SystemClock_Config
C:\Users\Bgs\AppData\Local\Temp\ccmBThlr.s:257    .text.SystemClock_Config:0000009c $d
C:\Users\Bgs\AppData\Local\Temp\ccmBThlr.s:263    .text.main:00000000 $t
C:\Users\Bgs\AppData\Local\Temp\ccmBThlr.s:269    .text.main:00000000 main
C:\Users\Bgs\AppData\Local\Temp\ccmBThlr.s:327    .text.main:0000003c $d

UNDEFINED SYMBOLS
HAL_IncTick
memset
HAL_RCC_OscConfig
HAL_RCC_ClockConfig
HAL_Init
MX_GPIO_Init
MX_DMA_Init
MX_ADC1_Init
MX_TIM4_Init
MX_USART6_UART_Init
HAL_TIM_PWM_Start
MX_FREERTOS_Init
osKernelStart
htim4
