ARM GAS  C:\Users\Bgs\AppData\Local\Temp\ccKx9Dn4.s 			page 1


   1              		.cpu cortex-m4
   2              		.arch armv7e-m
   3              		.fpu fpv4-sp-d16
   4              		.eabi_attribute 27, 1
   5              		.eabi_attribute 28, 1
   6              		.eabi_attribute 20, 1
   7              		.eabi_attribute 21, 1
   8              		.eabi_attribute 23, 3
   9              		.eabi_attribute 24, 1
  10              		.eabi_attribute 25, 1
  11              		.eabi_attribute 26, 1
  12              		.eabi_attribute 30, 1
  13              		.eabi_attribute 34, 1
  14              		.eabi_attribute 18, 4
  15              		.file	"tim.c"
  16              		.text
  17              	.Ltext0:
  18              		.cfi_sections	.debug_frame
  19              		.file 1 "Core/Src/tim.c"
  20              		.section	.text.HAL_TIM_PWM_MspInit,"ax",%progbits
  21              		.align	1
  22              		.global	HAL_TIM_PWM_MspInit
  23              		.syntax unified
  24              		.thumb
  25              		.thumb_func
  27              	HAL_TIM_PWM_MspInit:
  28              	.LVL0:
  29              	.LFB217:
   1:Core/Src/tim.c **** /* USER CODE BEGIN Header */
   2:Core/Src/tim.c **** /**
   3:Core/Src/tim.c ****   ******************************************************************************
   4:Core/Src/tim.c ****   * @file    tim.c
   5:Core/Src/tim.c ****   * @brief   This file provides code for the configuration
   6:Core/Src/tim.c ****   *          of the TIM instances.
   7:Core/Src/tim.c ****   ******************************************************************************
   8:Core/Src/tim.c ****   * @attention
   9:Core/Src/tim.c ****   *
  10:Core/Src/tim.c ****   * Copyright (c) 2023 STMicroelectronics.
  11:Core/Src/tim.c ****   * All rights reserved.
  12:Core/Src/tim.c ****   *
  13:Core/Src/tim.c ****   * This software is licensed under terms that can be found in the LICENSE file
  14:Core/Src/tim.c ****   * in the root directory of this software component.
  15:Core/Src/tim.c ****   * If no LICENSE file comes with this software, it is provided AS-IS.
  16:Core/Src/tim.c ****   *
  17:Core/Src/tim.c ****   ******************************************************************************
  18:Core/Src/tim.c ****   */
  19:Core/Src/tim.c **** /* USER CODE END Header */
  20:Core/Src/tim.c **** /* Includes ------------------------------------------------------------------*/
  21:Core/Src/tim.c **** #include "tim.h"
  22:Core/Src/tim.c **** 
  23:Core/Src/tim.c **** /* USER CODE BEGIN 0 */
  24:Core/Src/tim.c **** 
  25:Core/Src/tim.c **** /* USER CODE END 0 */
  26:Core/Src/tim.c **** 
  27:Core/Src/tim.c **** TIM_HandleTypeDef htim4;
  28:Core/Src/tim.c **** 
  29:Core/Src/tim.c **** /* TIM4 init function */
ARM GAS  C:\Users\Bgs\AppData\Local\Temp\ccKx9Dn4.s 			page 2


  30:Core/Src/tim.c **** void MX_TIM4_Init(void)
  31:Core/Src/tim.c **** {
  32:Core/Src/tim.c **** 
  33:Core/Src/tim.c ****   /* USER CODE BEGIN TIM4_Init 0 */
  34:Core/Src/tim.c **** 
  35:Core/Src/tim.c ****   /* USER CODE END TIM4_Init 0 */
  36:Core/Src/tim.c **** 
  37:Core/Src/tim.c ****   TIM_MasterConfigTypeDef sMasterConfig = {0};
  38:Core/Src/tim.c ****   TIM_OC_InitTypeDef sConfigOC = {0};
  39:Core/Src/tim.c **** 
  40:Core/Src/tim.c ****   /* USER CODE BEGIN TIM4_Init 1 */
  41:Core/Src/tim.c **** 
  42:Core/Src/tim.c ****   // T = (PRS + 1)(ARR +1) / f
  43:Core/Src/tim.c ****   // T - pwm period 
  44:Core/Src/tim.c ****   // f - main clock speed
  45:Core/Src/tim.c ****   
  46:Core/Src/tim.c ****   /* USER CODE END TIM4_Init 1 */
  47:Core/Src/tim.c ****   htim4.Instance = TIM4;
  48:Core/Src/tim.c ****   htim4.Init.Prescaler = PRESC_VAL;
  49:Core/Src/tim.c ****   htim4.Init.CounterMode = TIM_COUNTERMODE_UP;
  50:Core/Src/tim.c ****   htim4.Init.Period = ARR_VAL;
  51:Core/Src/tim.c ****   htim4.Init.ClockDivision = TIM_CLOCKDIVISION_DIV1;
  52:Core/Src/tim.c ****   htim4.Init.AutoReloadPreload = TIM_AUTORELOAD_PRELOAD_ENABLE;
  53:Core/Src/tim.c ****   if (HAL_TIM_PWM_Init(&htim4) != HAL_OK)
  54:Core/Src/tim.c ****   {
  55:Core/Src/tim.c ****     Error_Handler();
  56:Core/Src/tim.c ****   }
  57:Core/Src/tim.c ****   sMasterConfig.MasterOutputTrigger = TIM_TRGO_RESET;
  58:Core/Src/tim.c ****   sMasterConfig.MasterSlaveMode = TIM_MASTERSLAVEMODE_DISABLE;
  59:Core/Src/tim.c ****   if (HAL_TIMEx_MasterConfigSynchronization(&htim4, &sMasterConfig) != HAL_OK)
  60:Core/Src/tim.c ****   {
  61:Core/Src/tim.c ****     Error_Handler();
  62:Core/Src/tim.c ****   }
  63:Core/Src/tim.c ****   sConfigOC.OCMode = TIM_OCMODE_PWM1;
  64:Core/Src/tim.c ****   sConfigOC.Pulse = 0;
  65:Core/Src/tim.c ****   sConfigOC.OCPolarity = TIM_OCPOLARITY_HIGH;
  66:Core/Src/tim.c ****   sConfigOC.OCFastMode = TIM_OCFAST_DISABLE;
  67:Core/Src/tim.c ****   if (HAL_TIM_PWM_ConfigChannel(&htim4, &sConfigOC, TIM_CHANNEL_1) != HAL_OK)
  68:Core/Src/tim.c ****   {
  69:Core/Src/tim.c ****     Error_Handler();
  70:Core/Src/tim.c ****   }
  71:Core/Src/tim.c ****   if (HAL_TIM_PWM_ConfigChannel(&htim4, &sConfigOC, TIM_CHANNEL_2) != HAL_OK)
  72:Core/Src/tim.c ****   {
  73:Core/Src/tim.c ****     Error_Handler();
  74:Core/Src/tim.c ****   }
  75:Core/Src/tim.c ****   /* USER CODE BEGIN TIM4_Init 2 */
  76:Core/Src/tim.c **** 
  77:Core/Src/tim.c ****   /* USER CODE END TIM4_Init 2 */
  78:Core/Src/tim.c ****   HAL_TIM_MspPostInit(&htim4);
  79:Core/Src/tim.c **** 
  80:Core/Src/tim.c **** }
  81:Core/Src/tim.c **** 
  82:Core/Src/tim.c **** void HAL_TIM_PWM_MspInit(TIM_HandleTypeDef* tim_pwmHandle)
  83:Core/Src/tim.c **** {
  30              		.loc 1 83 1 view -0
  31              		.cfi_startproc
  32              		@ args = 0, pretend = 0, frame = 8
ARM GAS  C:\Users\Bgs\AppData\Local\Temp\ccKx9Dn4.s 			page 3


  33              		@ frame_needed = 0, uses_anonymous_args = 0
  84:Core/Src/tim.c **** 
  85:Core/Src/tim.c ****   if(tim_pwmHandle->Instance==TIM4)
  34              		.loc 1 85 3 view .LVU1
  35              		.loc 1 85 19 is_stmt 0 view .LVU2
  36 0000 0268     		ldr	r2, [r0]
  37              		.loc 1 85 5 view .LVU3
  38 0002 0E4B     		ldr	r3, .L8
  39 0004 9A42     		cmp	r2, r3
  40 0006 00D0     		beq	.L7
  41 0008 7047     		bx	lr
  42              	.L7:
  83:Core/Src/tim.c **** 
  43              		.loc 1 83 1 view .LVU4
  44 000a 00B5     		push	{lr}
  45              	.LCFI0:
  46              		.cfi_def_cfa_offset 4
  47              		.cfi_offset 14, -4
  48 000c 83B0     		sub	sp, sp, #12
  49              	.LCFI1:
  50              		.cfi_def_cfa_offset 16
  86:Core/Src/tim.c ****   {
  87:Core/Src/tim.c ****   /* USER CODE BEGIN TIM4_MspInit 0 */
  88:Core/Src/tim.c **** 
  89:Core/Src/tim.c ****   /* USER CODE END TIM4_MspInit 0 */
  90:Core/Src/tim.c ****     /* TIM4 clock enable */
  91:Core/Src/tim.c ****     __HAL_RCC_TIM4_CLK_ENABLE();
  51              		.loc 1 91 5 is_stmt 1 view .LVU5
  52              	.LBB2:
  53              		.loc 1 91 5 view .LVU6
  54 000e 0022     		movs	r2, #0
  55 0010 0192     		str	r2, [sp, #4]
  56              		.loc 1 91 5 view .LVU7
  57 0012 03F50C33 		add	r3, r3, #143360
  58 0016 196C     		ldr	r1, [r3, #64]
  59 0018 41F00401 		orr	r1, r1, #4
  60 001c 1964     		str	r1, [r3, #64]
  61              		.loc 1 91 5 view .LVU8
  62 001e 1B6C     		ldr	r3, [r3, #64]
  63 0020 03F00403 		and	r3, r3, #4
  64 0024 0193     		str	r3, [sp, #4]
  65              		.loc 1 91 5 view .LVU9
  66 0026 019B     		ldr	r3, [sp, #4]
  67              	.LBE2:
  68              		.loc 1 91 5 view .LVU10
  92:Core/Src/tim.c **** 
  93:Core/Src/tim.c ****     /* TIM4 interrupt Init */
  94:Core/Src/tim.c ****     HAL_NVIC_SetPriority(TIM4_IRQn, 10, 0);
  69              		.loc 1 94 5 view .LVU11
  70 0028 0A21     		movs	r1, #10
  71 002a 1E20     		movs	r0, #30
  72              	.LVL1:
  73              		.loc 1 94 5 is_stmt 0 view .LVU12
  74 002c FFF7FEFF 		bl	HAL_NVIC_SetPriority
  75              	.LVL2:
  95:Core/Src/tim.c ****     HAL_NVIC_EnableIRQ(TIM4_IRQn);
  76              		.loc 1 95 5 is_stmt 1 view .LVU13
ARM GAS  C:\Users\Bgs\AppData\Local\Temp\ccKx9Dn4.s 			page 4


  77 0030 1E20     		movs	r0, #30
  78 0032 FFF7FEFF 		bl	HAL_NVIC_EnableIRQ
  79              	.LVL3:
  96:Core/Src/tim.c ****   /* USER CODE BEGIN TIM4_MspInit 1 */
  97:Core/Src/tim.c **** 
  98:Core/Src/tim.c ****   /* USER CODE END TIM4_MspInit 1 */
  99:Core/Src/tim.c ****   }
 100:Core/Src/tim.c **** }
  80              		.loc 1 100 1 is_stmt 0 view .LVU14
  81 0036 03B0     		add	sp, sp, #12
  82              	.LCFI2:
  83              		.cfi_def_cfa_offset 4
  84              		@ sp needed
  85 0038 5DF804FB 		ldr	pc, [sp], #4
  86              	.L9:
  87              		.align	2
  88              	.L8:
  89 003c 00080040 		.word	1073743872
  90              		.cfi_endproc
  91              	.LFE217:
  93              		.section	.text.HAL_TIM_MspPostInit,"ax",%progbits
  94              		.align	1
  95              		.global	HAL_TIM_MspPostInit
  96              		.syntax unified
  97              		.thumb
  98              		.thumb_func
 100              	HAL_TIM_MspPostInit:
 101              	.LVL4:
 102              	.LFB218:
 101:Core/Src/tim.c **** void HAL_TIM_MspPostInit(TIM_HandleTypeDef* timHandle)
 102:Core/Src/tim.c **** {
 103              		.loc 1 102 1 is_stmt 1 view -0
 104              		.cfi_startproc
 105              		@ args = 0, pretend = 0, frame = 24
 106              		@ frame_needed = 0, uses_anonymous_args = 0
 107              		.loc 1 102 1 is_stmt 0 view .LVU16
 108 0000 00B5     		push	{lr}
 109              	.LCFI3:
 110              		.cfi_def_cfa_offset 4
 111              		.cfi_offset 14, -4
 112 0002 87B0     		sub	sp, sp, #28
 113              	.LCFI4:
 114              		.cfi_def_cfa_offset 32
 103:Core/Src/tim.c **** 
 104:Core/Src/tim.c ****   GPIO_InitTypeDef GPIO_InitStruct = {0};
 115              		.loc 1 104 3 is_stmt 1 view .LVU17
 116              		.loc 1 104 20 is_stmt 0 view .LVU18
 117 0004 0023     		movs	r3, #0
 118 0006 0193     		str	r3, [sp, #4]
 119 0008 0293     		str	r3, [sp, #8]
 120 000a 0393     		str	r3, [sp, #12]
 121 000c 0493     		str	r3, [sp, #16]
 122 000e 0593     		str	r3, [sp, #20]
 105:Core/Src/tim.c ****   if(timHandle->Instance==TIM4)
 123              		.loc 1 105 3 is_stmt 1 view .LVU19
 124              		.loc 1 105 15 is_stmt 0 view .LVU20
 125 0010 0268     		ldr	r2, [r0]
ARM GAS  C:\Users\Bgs\AppData\Local\Temp\ccKx9Dn4.s 			page 5


 126              		.loc 1 105 5 view .LVU21
 127 0012 0E4B     		ldr	r3, .L14
 128 0014 9A42     		cmp	r2, r3
 129 0016 02D0     		beq	.L13
 130              	.LVL5:
 131              	.L10:
 106:Core/Src/tim.c ****   {
 107:Core/Src/tim.c ****   /* USER CODE BEGIN TIM4_MspPostInit 0 */
 108:Core/Src/tim.c **** 
 109:Core/Src/tim.c ****   /* USER CODE END TIM4_MspPostInit 0 */
 110:Core/Src/tim.c **** 
 111:Core/Src/tim.c ****     __HAL_RCC_GPIOB_CLK_ENABLE();
 112:Core/Src/tim.c ****     /**TIM4 GPIO Configuration
 113:Core/Src/tim.c ****     PB6     ------> TIM4_CH1
 114:Core/Src/tim.c ****     PB7     ------> TIM4_CH2
 115:Core/Src/tim.c ****     */
 116:Core/Src/tim.c ****     GPIO_InitStruct.Pin = GPIO_PIN_6|GPIO_PIN_7;
 117:Core/Src/tim.c ****     GPIO_InitStruct.Mode = GPIO_MODE_AF_PP;
 118:Core/Src/tim.c ****     GPIO_InitStruct.Pull = GPIO_NOPULL;
 119:Core/Src/tim.c ****     GPIO_InitStruct.Speed = GPIO_SPEED_FREQ_LOW;
 120:Core/Src/tim.c ****     GPIO_InitStruct.Alternate = GPIO_AF2_TIM4;
 121:Core/Src/tim.c ****     HAL_GPIO_Init(GPIOB, &GPIO_InitStruct);
 122:Core/Src/tim.c **** 
 123:Core/Src/tim.c ****   /* USER CODE BEGIN TIM4_MspPostInit 1 */
 124:Core/Src/tim.c **** 
 125:Core/Src/tim.c ****   /* USER CODE END TIM4_MspPostInit 1 */
 126:Core/Src/tim.c ****   }
 127:Core/Src/tim.c **** 
 128:Core/Src/tim.c **** }
 132              		.loc 1 128 1 view .LVU22
 133 0018 07B0     		add	sp, sp, #28
 134              	.LCFI5:
 135              		.cfi_remember_state
 136              		.cfi_def_cfa_offset 4
 137              		@ sp needed
 138 001a 5DF804FB 		ldr	pc, [sp], #4
 139              	.LVL6:
 140              	.L13:
 141              	.LCFI6:
 142              		.cfi_restore_state
 111:Core/Src/tim.c ****     /**TIM4 GPIO Configuration
 143              		.loc 1 111 5 is_stmt 1 view .LVU23
 144              	.LBB3:
 111:Core/Src/tim.c ****     /**TIM4 GPIO Configuration
 145              		.loc 1 111 5 view .LVU24
 146 001e 0023     		movs	r3, #0
 147 0020 0093     		str	r3, [sp]
 111:Core/Src/tim.c ****     /**TIM4 GPIO Configuration
 148              		.loc 1 111 5 view .LVU25
 149 0022 0B4B     		ldr	r3, .L14+4
 150 0024 1A6B     		ldr	r2, [r3, #48]
 151 0026 42F00202 		orr	r2, r2, #2
 152 002a 1A63     		str	r2, [r3, #48]
 111:Core/Src/tim.c ****     /**TIM4 GPIO Configuration
 153              		.loc 1 111 5 view .LVU26
 154 002c 1B6B     		ldr	r3, [r3, #48]
 155 002e 03F00203 		and	r3, r3, #2
ARM GAS  C:\Users\Bgs\AppData\Local\Temp\ccKx9Dn4.s 			page 6


 156 0032 0093     		str	r3, [sp]
 111:Core/Src/tim.c ****     /**TIM4 GPIO Configuration
 157              		.loc 1 111 5 view .LVU27
 158 0034 009B     		ldr	r3, [sp]
 159              	.LBE3:
 111:Core/Src/tim.c ****     /**TIM4 GPIO Configuration
 160              		.loc 1 111 5 view .LVU28
 116:Core/Src/tim.c ****     GPIO_InitStruct.Mode = GPIO_MODE_AF_PP;
 161              		.loc 1 116 5 view .LVU29
 116:Core/Src/tim.c ****     GPIO_InitStruct.Mode = GPIO_MODE_AF_PP;
 162              		.loc 1 116 25 is_stmt 0 view .LVU30
 163 0036 C023     		movs	r3, #192
 164 0038 0193     		str	r3, [sp, #4]
 117:Core/Src/tim.c ****     GPIO_InitStruct.Pull = GPIO_NOPULL;
 165              		.loc 1 117 5 is_stmt 1 view .LVU31
 117:Core/Src/tim.c ****     GPIO_InitStruct.Pull = GPIO_NOPULL;
 166              		.loc 1 117 26 is_stmt 0 view .LVU32
 167 003a 0223     		movs	r3, #2
 168 003c 0293     		str	r3, [sp, #8]
 118:Core/Src/tim.c ****     GPIO_InitStruct.Speed = GPIO_SPEED_FREQ_LOW;
 169              		.loc 1 118 5 is_stmt 1 view .LVU33
 119:Core/Src/tim.c ****     GPIO_InitStruct.Alternate = GPIO_AF2_TIM4;
 170              		.loc 1 119 5 view .LVU34
 120:Core/Src/tim.c ****     HAL_GPIO_Init(GPIOB, &GPIO_InitStruct);
 171              		.loc 1 120 5 view .LVU35
 120:Core/Src/tim.c ****     HAL_GPIO_Init(GPIOB, &GPIO_InitStruct);
 172              		.loc 1 120 31 is_stmt 0 view .LVU36
 173 003e 0593     		str	r3, [sp, #20]
 121:Core/Src/tim.c **** 
 174              		.loc 1 121 5 is_stmt 1 view .LVU37
 175 0040 01A9     		add	r1, sp, #4
 176 0042 0448     		ldr	r0, .L14+8
 177              	.LVL7:
 121:Core/Src/tim.c **** 
 178              		.loc 1 121 5 is_stmt 0 view .LVU38
 179 0044 FFF7FEFF 		bl	HAL_GPIO_Init
 180              	.LVL8:
 181              		.loc 1 128 1 view .LVU39
 182 0048 E6E7     		b	.L10
 183              	.L15:
 184 004a 00BF     		.align	2
 185              	.L14:
 186 004c 00080040 		.word	1073743872
 187 0050 00380240 		.word	1073887232
 188 0054 00040240 		.word	1073873920
 189              		.cfi_endproc
 190              	.LFE218:
 192              		.section	.text.MX_TIM4_Init,"ax",%progbits
 193              		.align	1
 194              		.global	MX_TIM4_Init
 195              		.syntax unified
 196              		.thumb
 197              		.thumb_func
 199              	MX_TIM4_Init:
 200              	.LFB216:
  31:Core/Src/tim.c **** 
 201              		.loc 1 31 1 is_stmt 1 view -0
ARM GAS  C:\Users\Bgs\AppData\Local\Temp\ccKx9Dn4.s 			page 7


 202              		.cfi_startproc
 203              		@ args = 0, pretend = 0, frame = 40
 204              		@ frame_needed = 0, uses_anonymous_args = 0
 205 0000 00B5     		push	{lr}
 206              	.LCFI7:
 207              		.cfi_def_cfa_offset 4
 208              		.cfi_offset 14, -4
 209 0002 8BB0     		sub	sp, sp, #44
 210              	.LCFI8:
 211              		.cfi_def_cfa_offset 48
  37:Core/Src/tim.c ****   TIM_OC_InitTypeDef sConfigOC = {0};
 212              		.loc 1 37 3 view .LVU41
  37:Core/Src/tim.c ****   TIM_OC_InitTypeDef sConfigOC = {0};
 213              		.loc 1 37 27 is_stmt 0 view .LVU42
 214 0004 0023     		movs	r3, #0
 215 0006 0893     		str	r3, [sp, #32]
 216 0008 0993     		str	r3, [sp, #36]
  38:Core/Src/tim.c **** 
 217              		.loc 1 38 3 is_stmt 1 view .LVU43
  38:Core/Src/tim.c **** 
 218              		.loc 1 38 22 is_stmt 0 view .LVU44
 219 000a 0193     		str	r3, [sp, #4]
 220 000c 0293     		str	r3, [sp, #8]
 221 000e 0393     		str	r3, [sp, #12]
 222 0010 0493     		str	r3, [sp, #16]
 223 0012 0593     		str	r3, [sp, #20]
 224 0014 0693     		str	r3, [sp, #24]
 225 0016 0793     		str	r3, [sp, #28]
  47:Core/Src/tim.c ****   htim4.Init.Prescaler = PRESC_VAL;
 226              		.loc 1 47 3 is_stmt 1 view .LVU45
  47:Core/Src/tim.c ****   htim4.Init.Prescaler = PRESC_VAL;
 227              		.loc 1 47 18 is_stmt 0 view .LVU46
 228 0018 1D48     		ldr	r0, .L26
 229 001a 1E4A     		ldr	r2, .L26+4
 230 001c 0260     		str	r2, [r0]
  48:Core/Src/tim.c ****   htim4.Init.CounterMode = TIM_COUNTERMODE_UP;
 231              		.loc 1 48 3 is_stmt 1 view .LVU47
  48:Core/Src/tim.c ****   htim4.Init.CounterMode = TIM_COUNTERMODE_UP;
 232              		.loc 1 48 24 is_stmt 0 view .LVU48
 233 001e 0122     		movs	r2, #1
 234 0020 4260     		str	r2, [r0, #4]
  49:Core/Src/tim.c ****   htim4.Init.Period = ARR_VAL;
 235              		.loc 1 49 3 is_stmt 1 view .LVU49
  49:Core/Src/tim.c ****   htim4.Init.Period = ARR_VAL;
 236              		.loc 1 49 26 is_stmt 0 view .LVU50
 237 0022 8360     		str	r3, [r0, #8]
  50:Core/Src/tim.c ****   htim4.Init.ClockDivision = TIM_CLOCKDIVISION_DIV1;
 238              		.loc 1 50 3 is_stmt 1 view .LVU51
  50:Core/Src/tim.c ****   htim4.Init.ClockDivision = TIM_CLOCKDIVISION_DIV1;
 239              		.loc 1 50 21 is_stmt 0 view .LVU52
 240 0024 40F2E732 		movw	r2, #999
 241 0028 C260     		str	r2, [r0, #12]
  51:Core/Src/tim.c ****   htim4.Init.AutoReloadPreload = TIM_AUTORELOAD_PRELOAD_ENABLE;
 242              		.loc 1 51 3 is_stmt 1 view .LVU53
  51:Core/Src/tim.c ****   htim4.Init.AutoReloadPreload = TIM_AUTORELOAD_PRELOAD_ENABLE;
 243              		.loc 1 51 28 is_stmt 0 view .LVU54
 244 002a 0361     		str	r3, [r0, #16]
ARM GAS  C:\Users\Bgs\AppData\Local\Temp\ccKx9Dn4.s 			page 8


  52:Core/Src/tim.c ****   if (HAL_TIM_PWM_Init(&htim4) != HAL_OK)
 245              		.loc 1 52 3 is_stmt 1 view .LVU55
  52:Core/Src/tim.c ****   if (HAL_TIM_PWM_Init(&htim4) != HAL_OK)
 246              		.loc 1 52 32 is_stmt 0 view .LVU56
 247 002c 8023     		movs	r3, #128
 248 002e 8361     		str	r3, [r0, #24]
  53:Core/Src/tim.c ****   {
 249              		.loc 1 53 3 is_stmt 1 view .LVU57
  53:Core/Src/tim.c ****   {
 250              		.loc 1 53 7 is_stmt 0 view .LVU58
 251 0030 FFF7FEFF 		bl	HAL_TIM_PWM_Init
 252              	.LVL9:
  53:Core/Src/tim.c ****   {
 253              		.loc 1 53 6 view .LVU59
 254 0034 F8B9     		cbnz	r0, .L22
 255              	.L17:
  57:Core/Src/tim.c ****   sMasterConfig.MasterSlaveMode = TIM_MASTERSLAVEMODE_DISABLE;
 256              		.loc 1 57 3 is_stmt 1 view .LVU60
  57:Core/Src/tim.c ****   sMasterConfig.MasterSlaveMode = TIM_MASTERSLAVEMODE_DISABLE;
 257              		.loc 1 57 37 is_stmt 0 view .LVU61
 258 0036 0023     		movs	r3, #0
 259 0038 0893     		str	r3, [sp, #32]
  58:Core/Src/tim.c ****   if (HAL_TIMEx_MasterConfigSynchronization(&htim4, &sMasterConfig) != HAL_OK)
 260              		.loc 1 58 3 is_stmt 1 view .LVU62
  58:Core/Src/tim.c ****   if (HAL_TIMEx_MasterConfigSynchronization(&htim4, &sMasterConfig) != HAL_OK)
 261              		.loc 1 58 33 is_stmt 0 view .LVU63
 262 003a 0993     		str	r3, [sp, #36]
  59:Core/Src/tim.c ****   {
 263              		.loc 1 59 3 is_stmt 1 view .LVU64
  59:Core/Src/tim.c ****   {
 264              		.loc 1 59 7 is_stmt 0 view .LVU65
 265 003c 08A9     		add	r1, sp, #32
 266 003e 1448     		ldr	r0, .L26
 267 0040 FFF7FEFF 		bl	HAL_TIMEx_MasterConfigSynchronization
 268              	.LVL10:
  59:Core/Src/tim.c ****   {
 269              		.loc 1 59 6 view .LVU66
 270 0044 D0B9     		cbnz	r0, .L23
 271              	.L18:
  63:Core/Src/tim.c ****   sConfigOC.Pulse = 0;
 272              		.loc 1 63 3 is_stmt 1 view .LVU67
  63:Core/Src/tim.c ****   sConfigOC.Pulse = 0;
 273              		.loc 1 63 20 is_stmt 0 view .LVU68
 274 0046 6023     		movs	r3, #96
 275 0048 0193     		str	r3, [sp, #4]
  64:Core/Src/tim.c ****   sConfigOC.OCPolarity = TIM_OCPOLARITY_HIGH;
 276              		.loc 1 64 3 is_stmt 1 view .LVU69
  64:Core/Src/tim.c ****   sConfigOC.OCPolarity = TIM_OCPOLARITY_HIGH;
 277              		.loc 1 64 19 is_stmt 0 view .LVU70
 278 004a 0022     		movs	r2, #0
 279 004c 0292     		str	r2, [sp, #8]
  65:Core/Src/tim.c ****   sConfigOC.OCFastMode = TIM_OCFAST_DISABLE;
 280              		.loc 1 65 3 is_stmt 1 view .LVU71
  65:Core/Src/tim.c ****   sConfigOC.OCFastMode = TIM_OCFAST_DISABLE;
 281              		.loc 1 65 24 is_stmt 0 view .LVU72
 282 004e 0392     		str	r2, [sp, #12]
  66:Core/Src/tim.c ****   if (HAL_TIM_PWM_ConfigChannel(&htim4, &sConfigOC, TIM_CHANNEL_1) != HAL_OK)
ARM GAS  C:\Users\Bgs\AppData\Local\Temp\ccKx9Dn4.s 			page 9


 283              		.loc 1 66 3 is_stmt 1 view .LVU73
  66:Core/Src/tim.c ****   if (HAL_TIM_PWM_ConfigChannel(&htim4, &sConfigOC, TIM_CHANNEL_1) != HAL_OK)
 284              		.loc 1 66 24 is_stmt 0 view .LVU74
 285 0050 0592     		str	r2, [sp, #20]
  67:Core/Src/tim.c ****   {
 286              		.loc 1 67 3 is_stmt 1 view .LVU75
  67:Core/Src/tim.c ****   {
 287              		.loc 1 67 7 is_stmt 0 view .LVU76
 288 0052 01A9     		add	r1, sp, #4
 289 0054 0E48     		ldr	r0, .L26
 290 0056 FFF7FEFF 		bl	HAL_TIM_PWM_ConfigChannel
 291              	.LVL11:
  67:Core/Src/tim.c ****   {
 292              		.loc 1 67 6 view .LVU77
 293 005a 90B9     		cbnz	r0, .L24
 294              	.L19:
  71:Core/Src/tim.c ****   {
 295              		.loc 1 71 3 is_stmt 1 view .LVU78
  71:Core/Src/tim.c ****   {
 296              		.loc 1 71 7 is_stmt 0 view .LVU79
 297 005c 0422     		movs	r2, #4
 298 005e 0DEB0201 		add	r1, sp, r2
 299 0062 0B48     		ldr	r0, .L26
 300 0064 FFF7FEFF 		bl	HAL_TIM_PWM_ConfigChannel
 301              	.LVL12:
  71:Core/Src/tim.c ****   {
 302              		.loc 1 71 6 view .LVU80
 303 0068 70B9     		cbnz	r0, .L25
 304              	.L20:
  78:Core/Src/tim.c **** 
 305              		.loc 1 78 3 is_stmt 1 view .LVU81
 306 006a 0948     		ldr	r0, .L26
 307 006c FFF7FEFF 		bl	HAL_TIM_MspPostInit
 308              	.LVL13:
  80:Core/Src/tim.c **** 
 309              		.loc 1 80 1 is_stmt 0 view .LVU82
 310 0070 0BB0     		add	sp, sp, #44
 311              	.LCFI9:
 312              		.cfi_remember_state
 313              		.cfi_def_cfa_offset 4
 314              		@ sp needed
 315 0072 5DF804FB 		ldr	pc, [sp], #4
 316              	.L22:
 317              	.LCFI10:
 318              		.cfi_restore_state
  55:Core/Src/tim.c ****   }
 319              		.loc 1 55 5 is_stmt 1 view .LVU83
 320 0076 FFF7FEFF 		bl	Error_Handler
 321              	.LVL14:
 322 007a DCE7     		b	.L17
 323              	.L23:
  61:Core/Src/tim.c ****   }
 324              		.loc 1 61 5 view .LVU84
 325 007c FFF7FEFF 		bl	Error_Handler
 326              	.LVL15:
 327 0080 E1E7     		b	.L18
 328              	.L24:
ARM GAS  C:\Users\Bgs\AppData\Local\Temp\ccKx9Dn4.s 			page 10


  69:Core/Src/tim.c ****   }
 329              		.loc 1 69 5 view .LVU85
 330 0082 FFF7FEFF 		bl	Error_Handler
 331              	.LVL16:
 332 0086 E9E7     		b	.L19
 333              	.L25:
  73:Core/Src/tim.c ****   }
 334              		.loc 1 73 5 view .LVU86
 335 0088 FFF7FEFF 		bl	Error_Handler
 336              	.LVL17:
 337 008c EDE7     		b	.L20
 338              	.L27:
 339 008e 00BF     		.align	2
 340              	.L26:
 341 0090 00000000 		.word	htim4
 342 0094 00080040 		.word	1073743872
 343              		.cfi_endproc
 344              	.LFE216:
 346              		.section	.text.HAL_TIM_PWM_MspDeInit,"ax",%progbits
 347              		.align	1
 348              		.global	HAL_TIM_PWM_MspDeInit
 349              		.syntax unified
 350              		.thumb
 351              		.thumb_func
 353              	HAL_TIM_PWM_MspDeInit:
 354              	.LVL18:
 355              	.LFB219:
 129:Core/Src/tim.c **** 
 130:Core/Src/tim.c **** void HAL_TIM_PWM_MspDeInit(TIM_HandleTypeDef* tim_pwmHandle)
 131:Core/Src/tim.c **** {
 356              		.loc 1 131 1 view -0
 357              		.cfi_startproc
 358              		@ args = 0, pretend = 0, frame = 0
 359              		@ frame_needed = 0, uses_anonymous_args = 0
 360              		.loc 1 131 1 is_stmt 0 view .LVU88
 361 0000 08B5     		push	{r3, lr}
 362              	.LCFI11:
 363              		.cfi_def_cfa_offset 8
 364              		.cfi_offset 3, -8
 365              		.cfi_offset 14, -4
 132:Core/Src/tim.c **** 
 133:Core/Src/tim.c ****   if(tim_pwmHandle->Instance==TIM4)
 366              		.loc 1 133 3 is_stmt 1 view .LVU89
 367              		.loc 1 133 19 is_stmt 0 view .LVU90
 368 0002 0268     		ldr	r2, [r0]
 369              		.loc 1 133 5 view .LVU91
 370 0004 064B     		ldr	r3, .L32
 371 0006 9A42     		cmp	r2, r3
 372 0008 00D0     		beq	.L31
 373              	.LVL19:
 374              	.L28:
 134:Core/Src/tim.c ****   {
 135:Core/Src/tim.c ****   /* USER CODE BEGIN TIM4_MspDeInit 0 */
 136:Core/Src/tim.c **** 
 137:Core/Src/tim.c ****   /* USER CODE END TIM4_MspDeInit 0 */
 138:Core/Src/tim.c ****     /* Peripheral clock disable */
 139:Core/Src/tim.c ****     __HAL_RCC_TIM4_CLK_DISABLE();
ARM GAS  C:\Users\Bgs\AppData\Local\Temp\ccKx9Dn4.s 			page 11


 140:Core/Src/tim.c **** 
 141:Core/Src/tim.c ****     /* TIM4 interrupt Deinit */
 142:Core/Src/tim.c ****     HAL_NVIC_DisableIRQ(TIM4_IRQn);
 143:Core/Src/tim.c ****   /* USER CODE BEGIN TIM4_MspDeInit 1 */
 144:Core/Src/tim.c **** 
 145:Core/Src/tim.c ****   /* USER CODE END TIM4_MspDeInit 1 */
 146:Core/Src/tim.c ****   }
 147:Core/Src/tim.c **** }
 375              		.loc 1 147 1 view .LVU92
 376 000a 08BD     		pop	{r3, pc}
 377              	.LVL20:
 378              	.L31:
 139:Core/Src/tim.c **** 
 379              		.loc 1 139 5 is_stmt 1 view .LVU93
 380 000c 054A     		ldr	r2, .L32+4
 381 000e 136C     		ldr	r3, [r2, #64]
 382 0010 23F00403 		bic	r3, r3, #4
 383 0014 1364     		str	r3, [r2, #64]
 142:Core/Src/tim.c ****   /* USER CODE BEGIN TIM4_MspDeInit 1 */
 384              		.loc 1 142 5 view .LVU94
 385 0016 1E20     		movs	r0, #30
 386              	.LVL21:
 142:Core/Src/tim.c ****   /* USER CODE BEGIN TIM4_MspDeInit 1 */
 387              		.loc 1 142 5 is_stmt 0 view .LVU95
 388 0018 FFF7FEFF 		bl	HAL_NVIC_DisableIRQ
 389              	.LVL22:
 390              		.loc 1 147 1 view .LVU96
 391 001c F5E7     		b	.L28
 392              	.L33:
 393 001e 00BF     		.align	2
 394              	.L32:
 395 0020 00080040 		.word	1073743872
 396 0024 00380240 		.word	1073887232
 397              		.cfi_endproc
 398              	.LFE219:
 400              		.global	htim4
 401              		.section	.bss.htim4,"aw",%nobits
 402              		.align	2
 405              	htim4:
 406 0000 00000000 		.space	72
 406      00000000 
 406      00000000 
 406      00000000 
 406      00000000 
 407              		.text
 408              	.Letext0:
 409              		.file 2 "Drivers/CMSIS/Device/ST/STM32F4xx/Include/stm32f411xe.h"
 410              		.file 3 "c:\\program files\\arm-gnu-toolchain-12.2.mpacbti-rel1-mingw-w64-i686-arm-none-eabi\\arm-
 411              		.file 4 "c:\\program files\\arm-gnu-toolchain-12.2.mpacbti-rel1-mingw-w64-i686-arm-none-eabi\\arm-
 412              		.file 5 "Drivers/STM32F4xx_HAL_Driver/Inc/stm32f4xx_hal_def.h"
 413              		.file 6 "Drivers/STM32F4xx_HAL_Driver/Inc/stm32f4xx_hal_gpio.h"
 414              		.file 7 "Drivers/STM32F4xx_HAL_Driver/Inc/stm32f4xx_hal_dma.h"
 415              		.file 8 "Drivers/STM32F4xx_HAL_Driver/Inc/stm32f4xx_hal_tim.h"
 416              		.file 9 "Drivers/STM32F4xx_HAL_Driver/Inc/stm32f4xx_hal_cortex.h"
 417              		.file 10 "Drivers/STM32F4xx_HAL_Driver/Inc/stm32f4xx_hal_tim_ex.h"
 418              		.file 11 "Core/Inc/tim.h"
 419              		.file 12 "Core/Inc/main.h"
ARM GAS  C:\Users\Bgs\AppData\Local\Temp\ccKx9Dn4.s 			page 12


ARM GAS  C:\Users\Bgs\AppData\Local\Temp\ccKx9Dn4.s 			page 13


DEFINED SYMBOLS
                            *ABS*:00000000 tim.c
C:\Users\Bgs\AppData\Local\Temp\ccKx9Dn4.s:21     .text.HAL_TIM_PWM_MspInit:00000000 $t
C:\Users\Bgs\AppData\Local\Temp\ccKx9Dn4.s:27     .text.HAL_TIM_PWM_MspInit:00000000 HAL_TIM_PWM_MspInit
C:\Users\Bgs\AppData\Local\Temp\ccKx9Dn4.s:89     .text.HAL_TIM_PWM_MspInit:0000003c $d
C:\Users\Bgs\AppData\Local\Temp\ccKx9Dn4.s:94     .text.HAL_TIM_MspPostInit:00000000 $t
C:\Users\Bgs\AppData\Local\Temp\ccKx9Dn4.s:100    .text.HAL_TIM_MspPostInit:00000000 HAL_TIM_MspPostInit
C:\Users\Bgs\AppData\Local\Temp\ccKx9Dn4.s:186    .text.HAL_TIM_MspPostInit:0000004c $d
C:\Users\Bgs\AppData\Local\Temp\ccKx9Dn4.s:193    .text.MX_TIM4_Init:00000000 $t
C:\Users\Bgs\AppData\Local\Temp\ccKx9Dn4.s:199    .text.MX_TIM4_Init:00000000 MX_TIM4_Init
C:\Users\Bgs\AppData\Local\Temp\ccKx9Dn4.s:341    .text.MX_TIM4_Init:00000090 $d
C:\Users\Bgs\AppData\Local\Temp\ccKx9Dn4.s:405    .bss.htim4:00000000 htim4
C:\Users\Bgs\AppData\Local\Temp\ccKx9Dn4.s:347    .text.HAL_TIM_PWM_MspDeInit:00000000 $t
C:\Users\Bgs\AppData\Local\Temp\ccKx9Dn4.s:353    .text.HAL_TIM_PWM_MspDeInit:00000000 HAL_TIM_PWM_MspDeInit
C:\Users\Bgs\AppData\Local\Temp\ccKx9Dn4.s:395    .text.HAL_TIM_PWM_MspDeInit:00000020 $d
C:\Users\Bgs\AppData\Local\Temp\ccKx9Dn4.s:402    .bss.htim4:00000000 $d

UNDEFINED SYMBOLS
HAL_NVIC_SetPriority
HAL_NVIC_EnableIRQ
HAL_GPIO_Init
HAL_TIM_PWM_Init
HAL_TIMEx_MasterConfigSynchronization
HAL_TIM_PWM_ConfigChannel
Error_Handler
HAL_NVIC_DisableIRQ
